\BOOKMARK [0][-]{chapter.1}{Introduction}{}% 1
\BOOKMARK [1][-]{section.1.1}{Aims}{chapter.1}% 2
\BOOKMARK [1][-]{section.1.2}{Problem Context}{chapter.1}% 3
\BOOKMARK [1][-]{section.1.3}{Results}{chapter.1}% 4
\BOOKMARK [1][-]{section.1.4}{Thesis Structure}{chapter.1}% 5
\BOOKMARK [0][-]{chapter.2}{Background on Neural Networks}{}% 6
\BOOKMARK [1][-]{section.2.1}{Motivation}{chapter.2}% 7
\BOOKMARK [1][-]{section.2.2}{Individual Node Structure}{chapter.2}% 8
\BOOKMARK [1][-]{section.2.3}{Activation Functions}{chapter.2}% 9
\BOOKMARK [1][-]{section.2.4}{Neural Network Structure}{chapter.2}% 10
\BOOKMARK [1][-]{section.2.5}{Weight Initialisation}{chapter.2}% 11
\BOOKMARK [1][-]{section.2.6}{Optimisation}{chapter.2}% 12
\BOOKMARK [1][-]{section.2.7}{Back-Propagation}{chapter.2}% 13
\BOOKMARK [0][-]{chapter.3}{Variational Inference}{}% 14
\BOOKMARK [1][-]{section.3.1}{Context}{chapter.3}% 15
\BOOKMARK [1][-]{section.3.2}{The KL Divergence}{chapter.3}% 16
\BOOKMARK [1][-]{section.3.3}{Introduction to Variational Inference}{chapter.3}% 17
\BOOKMARK [1][-]{section.3.4}{Derivation of the ELBO}{chapter.3}% 18
\BOOKMARK [1][-]{section.3.5}{Mean-Field Variational Family}{chapter.3}% 19
\BOOKMARK [1][-]{section.3.6}{Example: Bayesian Mixture of Gaussians}{chapter.3}% 20
\BOOKMARK [1][-]{section.3.7}{Amortized Inference}{chapter.3}% 21
\BOOKMARK [1][-]{section.3.8}{Example: Variational Autoencoder}{chapter.3}% 22
\BOOKMARK [1][-]{section.3.9}{Problems with Implicit Distributions}{chapter.3}% 23
\BOOKMARK [2][-]{subsection.3.9.1}{Implicit Prior and/or Variational Posterior}{section.3.9}% 24
\BOOKMARK [2][-]{subsection.3.9.2}{Implicit Likelihood}{section.3.9}% 25
\BOOKMARK [0][-]{chapter.4}{Density Ratio Estimation}{}% 26
\BOOKMARK [1][-]{section.4.1}{Class Probability Estimation}{chapter.4}% 27
\BOOKMARK [2][-]{subsection.4.1.1}{Derivation}{section.4.1}% 28
\BOOKMARK [2][-]{subsection.4.1.2}{Prior-Contrastive Algorithm}{section.4.1}% 29
\BOOKMARK [2][-]{subsection.4.1.3}{Joint-Contrastive Algorithm}{section.4.1}% 30
\BOOKMARK [1][-]{section.4.2}{Divergence Minimisation}{chapter.4}% 31
\BOOKMARK [2][-]{subsection.4.2.1}{Derivation}{section.4.2}% 32
\BOOKMARK [2][-]{subsection.4.2.2}{Prior-Contrastive Algorithm}{section.4.2}% 33
\BOOKMARK [2][-]{subsection.4.2.3}{Joint-Contrastive Algorithm}{section.4.2}% 34
\BOOKMARK [2][-]{subsection.4.2.4}{Alternative Derivation of Class Probability Estimation}{section.4.2}% 35
\BOOKMARK [0][-]{chapter.5}{Initial Experiment - Inference, ``Sprinkler" Example}{}% 36
\BOOKMARK [1][-]{section.5.1}{Problem Context}{chapter.5}% 37
\BOOKMARK [1][-]{section.5.2}{Program Structure}{chapter.5}% 38
\BOOKMARK [1][-]{section.5.3}{Results}{chapter.5}% 39
\BOOKMARK [0][-]{chapter.6}{Activation Function Experiment}{}% 40
\BOOKMARK [1][-]{section.6.1}{Theory}{chapter.6}% 41
\BOOKMARK [1][-]{section.6.2}{Experiment Outline}{chapter.6}% 42
\BOOKMARK [1][-]{section.6.3}{Results}{chapter.6}% 43
\BOOKMARK [0][-]{chapter.7}{Algorithm Analysis}{}% 44
\BOOKMARK [1][-]{section.7.1}{Introduction}{chapter.7}% 45
\BOOKMARK [1][-]{section.7.2}{Algorithm Generalisation}{chapter.7}% 46
\BOOKMARK [2][-]{subsection.7.2.1}{Reverse KL Divergence}{section.7.2}% 47
\BOOKMARK [2][-]{subsection.7.2.2}{GAN Divergence}{section.7.2}% 48
\BOOKMARK [1][-]{section.7.3}{Optimization Algorithms}{chapter.7}% 49
\BOOKMARK [2][-]{subsection.7.3.1}{Prior-Contrastive}{section.7.3}% 50
\BOOKMARK [2][-]{subsection.7.3.2}{Joint-Contrastive}{section.7.3}% 51
\BOOKMARK [0][-]{chapter.8}{Comparing Optimal Estimators}{}% 52
\BOOKMARK [1][-]{section.8.1}{Theory}{chapter.8}% 53
\BOOKMARK [1][-]{section.8.2}{Experiment Outline}{chapter.8}% 54
\BOOKMARK [1][-]{section.8.3}{Results}{chapter.8}% 55
\BOOKMARK [0][-]{chapter.9}{Comparing Undertrained Estimators}{}% 56
\BOOKMARK [1][-]{section.9.1}{Theory}{chapter.9}% 57
\BOOKMARK [2][-]{subsection.9.1.1}{Estimator Bounds}{section.9.1}% 58
\BOOKMARK [2][-]{subsection.9.1.2}{First and Second Derivatives of Estimator Loss Functions}{section.9.1}% 59
\BOOKMARK [2][-]{subsection.9.1.3}{Displacement of Estimator Optimal Values}{section.9.1}% 60
\BOOKMARK [1][-]{section.9.2}{Experiment Outline}{chapter.9}% 61
\BOOKMARK [1][-]{section.9.3}{Results}{chapter.9}% 62
\BOOKMARK [0][-]{chapter.10}{Data Generation - \(MNIST image generation\)}{}% 63
\BOOKMARK [1][-]{section.10.1}{Experiment Outline}{chapter.10}% 64
\BOOKMARK [1][-]{section.10.2}{Low Dimensional Experiment Results}{chapter.10}% 65
\BOOKMARK [1][-]{section.10.3}{High Dimensional Experiment Results}{chapter.10}% 66
\BOOKMARK [0][-]{chapter.11}{Discussion and Conclusion}{}% 67
\BOOKMARK [0][-]{chapter.11}{References}{}% 68
\BOOKMARK [0][-]{appendix.A}{Kernel Density Estimation}{}% 69
