This is pdfTeX, Version 3.14159265-2.6-1.40.18 (TeX Live 2017/W32TeX) (preloaded format=pdflatex 2017.8.15)  8 OCT 2018 23:28
entering extended mode
 restricted \write18 enabled.
 %&-line parsing enabled.
**./shell-honours.tex
(./shell-honours.tex
LaTeX2e <2017-04-15>
Babel <3.12> and hyphenation patterns for 84 language(s) loaded.
(./unswthesis.cls

LaTeX Warning: You have requested document class `unswthesis',
               but the document class provides `UNSWthesis'.

Document Class: UNSWthesis 1999/11/10  v2.42  UNSW thesis class
(c:/texlive/2017/texmf-dist/tex/latex/base/report.cls
Document Class: report 2014/09/29 v1.4h Standard LaTeX document class
(c:/texlive/2017/texmf-dist/tex/latex/base/size12.clo
File: size12.clo 2014/09/29 v1.4h Standard LaTeX file (size option)
)
\c@part=\count79
\c@chapter=\count80
\c@section=\count81
\c@subsection=\count82
\c@subsubsection=\count83
\c@paragraph=\count84
\c@subparagraph=\count85
\c@figure=\count86
\c@table=\count87
\abovecaptionskip=\skip41
\belowcaptionskip=\skip42
\bibindent=\dimen102
)
\chaprule=\skip43
\ATchapskip=\skip44
\@chapwidth=\skip45
)
(c:/texlive/2017/texmf-dist/tex/latex/cjk-ko/kotex.sty
Package: kotex 2015/04/19 v1.6 Korean TeX (ko.TeX)

(c:/texlive/2017/texmf-dist/tex/latex/kotex-utf/kotex.cfg)
(c:/texlive/2017/texmf-dist/tex/latex/kotex-utf/kotexutf.sty
Package: kotexutf 2015/07/18 v2.1.1 typesetting UTF-8 Korean documents

(c:/texlive/2017/texmf-dist/tex/latex/base/inputenc.sty
Package: inputenc 2015/03/17 v1.2c Input encoding file
\inpenc@prehook=\toks14
\inpenc@posthook=\toks15

(c:/texlive/2017/texmf-dist/tex/latex/base/utf8.def
File: utf8.def 2017/01/28 v1.1t UTF-8 support for inputenc
Now handling font encoding OML ...
... no UTF-8 mapping file for font encoding OML
Now handling font encoding T1 ...
... processing UTF-8 mapping file for font encoding T1

(c:/texlive/2017/texmf-dist/tex/latex/base/t1enc.dfu
File: t1enc.dfu 2017/01/28 v1.1t UTF-8 support for inputenc
   defining Unicode char U+00A0 (decimal 160)
   defining Unicode char U+00A1 (decimal 161)
   defining Unicode char U+00A3 (decimal 163)
   defining Unicode char U+00AB (decimal 171)
   defining Unicode char U+00AD (decimal 173)
   defining Unicode char U+00BB (decimal 187)
   defining Unicode char U+00BF (decimal 191)
   defining Unicode char U+00C0 (decimal 192)
   defining Unicode char U+00C1 (decimal 193)
   defining Unicode char U+00C2 (decimal 194)
   defining Unicode char U+00C3 (decimal 195)
   defining Unicode char U+00C4 (decimal 196)
   defining Unicode char U+00C5 (decimal 197)
   defining Unicode char U+00C6 (decimal 198)
   defining Unicode char U+00C7 (decimal 199)
   defining Unicode char U+00C8 (decimal 200)
   defining Unicode char U+00C9 (decimal 201)
   defining Unicode char U+00CA (decimal 202)
   defining Unicode char U+00CB (decimal 203)
   defining Unicode char U+00CC (decimal 204)
   defining Unicode char U+00CD (decimal 205)
   defining Unicode char U+00CE (decimal 206)
   defining Unicode char U+00CF (decimal 207)
   defining Unicode char U+00D0 (decimal 208)
   defining Unicode char U+00D1 (decimal 209)
   defining Unicode char U+00D2 (decimal 210)
   defining Unicode char U+00D3 (decimal 211)
   defining Unicode char U+00D4 (decimal 212)
   defining Unicode char U+00D5 (decimal 213)
   defining Unicode char U+00D6 (decimal 214)
   defining Unicode char U+00D8 (decimal 216)
   defining Unicode char U+00D9 (decimal 217)
   defining Unicode char U+00DA (decimal 218)
   defining Unicode char U+00DB (decimal 219)
   defining Unicode char U+00DC (decimal 220)
   defining Unicode char U+00DD (decimal 221)
   defining Unicode char U+00DE (decimal 222)
   defining Unicode char U+00DF (decimal 223)
   defining Unicode char U+00E0 (decimal 224)
   defining Unicode char U+00E1 (decimal 225)
   defining Unicode char U+00E2 (decimal 226)
   defining Unicode char U+00E3 (decimal 227)
   defining Unicode char U+00E4 (decimal 228)
   defining Unicode char U+00E5 (decimal 229)
   defining Unicode char U+00E6 (decimal 230)
   defining Unicode char U+00E7 (decimal 231)
   defining Unicode char U+00E8 (decimal 232)
   defining Unicode char U+00E9 (decimal 233)
   defining Unicode char U+00EA (decimal 234)
   defining Unicode char U+00EB (decimal 235)
   defining Unicode char U+00EC (decimal 236)
   defining Unicode char U+00ED (decimal 237)
   defining Unicode char U+00EE (decimal 238)
   defining Unicode char U+00EF (decimal 239)
   defining Unicode char U+00F0 (decimal 240)
   defining Unicode char U+00F1 (decimal 241)
   defining Unicode char U+00F2 (decimal 242)
   defining Unicode char U+00F3 (decimal 243)
   defining Unicode char U+00F4 (decimal 244)
   defining Unicode char U+00F5 (decimal 245)
   defining Unicode char U+00F6 (decimal 246)
   defining Unicode char U+00F8 (decimal 248)
   defining Unicode char U+00F9 (decimal 249)
   defining Unicode char U+00FA (decimal 250)
   defining Unicode char U+00FB (decimal 251)
   defining Unicode char U+00FC (decimal 252)
   defining Unicode char U+00FD (decimal 253)
   defining Unicode char U+00FE (decimal 254)
   defining Unicode char U+00FF (decimal 255)
   defining Unicode char U+0100 (decimal 256)
   defining Unicode char U+0101 (decimal 257)
   defining Unicode char U+0102 (decimal 258)
   defining Unicode char U+0103 (decimal 259)
   defining Unicode char U+0104 (decimal 260)
   defining Unicode char U+0105 (decimal 261)
   defining Unicode char U+0106 (decimal 262)
   defining Unicode char U+0107 (decimal 263)
   defining Unicode char U+0108 (decimal 264)
   defining Unicode char U+0109 (decimal 265)
   defining Unicode char U+010A (decimal 266)
   defining Unicode char U+010B (decimal 267)
   defining Unicode char U+010C (decimal 268)
   defining Unicode char U+010D (decimal 269)
   defining Unicode char U+010E (decimal 270)
   defining Unicode char U+010F (decimal 271)
   defining Unicode char U+0110 (decimal 272)
   defining Unicode char U+0111 (decimal 273)
   defining Unicode char U+0112 (decimal 274)
   defining Unicode char U+0113 (decimal 275)
   defining Unicode char U+0114 (decimal 276)
   defining Unicode char U+0115 (decimal 277)
   defining Unicode char U+0116 (decimal 278)
   defining Unicode char U+0117 (decimal 279)
   defining Unicode char U+0118 (decimal 280)
   defining Unicode char U+0119 (decimal 281)
   defining Unicode char U+011A (decimal 282)
   defining Unicode char U+011B (decimal 283)
   defining Unicode char U+011C (decimal 284)
   defining Unicode char U+011D (decimal 285)
   defining Unicode char U+011E (decimal 286)
   defining Unicode char U+011F (decimal 287)
   defining Unicode char U+0120 (decimal 288)
   defining Unicode char U+0121 (decimal 289)
   defining Unicode char U+0122 (decimal 290)
   defining Unicode char U+0123 (decimal 291)
   defining Unicode char U+0124 (decimal 292)
   defining Unicode char U+0125 (decimal 293)
   defining Unicode char U+0128 (decimal 296)
   defining Unicode char U+0129 (decimal 297)
   defining Unicode char U+012A (decimal 298)
   defining Unicode char U+012B (decimal 299)
   defining Unicode char U+012C (decimal 300)
   defining Unicode char U+012D (decimal 301)
   defining Unicode char U+012E (decimal 302)
   defining Unicode char U+012F (decimal 303)
   defining Unicode char U+0130 (decimal 304)
   defining Unicode char U+0131 (decimal 305)
   defining Unicode char U+0132 (decimal 306)
   defining Unicode char U+0133 (decimal 307)
   defining Unicode char U+0134 (decimal 308)
   defining Unicode char U+0135 (decimal 309)
   defining Unicode char U+0136 (decimal 310)
   defining Unicode char U+0137 (decimal 311)
   defining Unicode char U+0139 (decimal 313)
   defining Unicode char U+013A (decimal 314)
   defining Unicode char U+013B (decimal 315)
   defining Unicode char U+013C (decimal 316)
   defining Unicode char U+013D (decimal 317)
   defining Unicode char U+013E (decimal 318)
   defining Unicode char U+0141 (decimal 321)
   defining Unicode char U+0142 (decimal 322)
   defining Unicode char U+0143 (decimal 323)
   defining Unicode char U+0144 (decimal 324)
   defining Unicode char U+0145 (decimal 325)
   defining Unicode char U+0146 (decimal 326)
   defining Unicode char U+0147 (decimal 327)
   defining Unicode char U+0148 (decimal 328)
   defining Unicode char U+014A (decimal 330)
   defining Unicode char U+014B (decimal 331)
   defining Unicode char U+014C (decimal 332)
   defining Unicode char U+014D (decimal 333)
   defining Unicode char U+014E (decimal 334)
   defining Unicode char U+014F (decimal 335)
   defining Unicode char U+0150 (decimal 336)
   defining Unicode char U+0151 (decimal 337)
   defining Unicode char U+0152 (decimal 338)
   defining Unicode char U+0153 (decimal 339)
   defining Unicode char U+0154 (decimal 340)
   defining Unicode char U+0155 (decimal 341)
   defining Unicode char U+0156 (decimal 342)
   defining Unicode char U+0157 (decimal 343)
   defining Unicode char U+0158 (decimal 344)
   defining Unicode char U+0159 (decimal 345)
   defining Unicode char U+015A (decimal 346)
   defining Unicode char U+015B (decimal 347)
   defining Unicode char U+015C (decimal 348)
   defining Unicode char U+015D (decimal 349)
   defining Unicode char U+015E (decimal 350)
   defining Unicode char U+015F (decimal 351)
   defining Unicode char U+0160 (decimal 352)
   defining Unicode char U+0161 (decimal 353)
   defining Unicode char U+0162 (decimal 354)
   defining Unicode char U+0163 (decimal 355)
   defining Unicode char U+0164 (decimal 356)
   defining Unicode char U+0165 (decimal 357)
   defining Unicode char U+0168 (decimal 360)
   defining Unicode char U+0169 (decimal 361)
   defining Unicode char U+016A (decimal 362)
   defining Unicode char U+016B (decimal 363)
   defining Unicode char U+016C (decimal 364)
   defining Unicode char U+016D (decimal 365)
   defining Unicode char U+016E (decimal 366)
   defining Unicode char U+016F (decimal 367)
   defining Unicode char U+0170 (decimal 368)
   defining Unicode char U+0171 (decimal 369)
   defining Unicode char U+0172 (decimal 370)
   defining Unicode char U+0173 (decimal 371)
   defining Unicode char U+0174 (decimal 372)
   defining Unicode char U+0175 (decimal 373)
   defining Unicode char U+0176 (decimal 374)
   defining Unicode char U+0177 (decimal 375)
   defining Unicode char U+0178 (decimal 376)
   defining Unicode char U+0179 (decimal 377)
   defining Unicode char U+017A (decimal 378)
   defining Unicode char U+017B (decimal 379)
   defining Unicode char U+017C (decimal 380)
   defining Unicode char U+017D (decimal 381)
   defining Unicode char U+017E (decimal 382)
   defining Unicode char U+01CD (decimal 461)
   defining Unicode char U+01CE (decimal 462)
   defining Unicode char U+01CF (decimal 463)
   defining Unicode char U+01D0 (decimal 464)
   defining Unicode char U+01D1 (decimal 465)
   defining Unicode char U+01D2 (decimal 466)
   defining Unicode char U+01D3 (decimal 467)
   defining Unicode char U+01D4 (decimal 468)
   defining Unicode char U+01E2 (decimal 482)
   defining Unicode char U+01E3 (decimal 483)
   defining Unicode char U+01E6 (decimal 486)
   defining Unicode char U+01E7 (decimal 487)
   defining Unicode char U+01E8 (decimal 488)
   defining Unicode char U+01E9 (decimal 489)
   defining Unicode char U+01EA (decimal 490)
   defining Unicode char U+01EB (decimal 491)
   defining Unicode char U+01F0 (decimal 496)
   defining Unicode char U+01F4 (decimal 500)
   defining Unicode char U+01F5 (decimal 501)
   defining Unicode char U+0218 (decimal 536)
   defining Unicode char U+0219 (decimal 537)
   defining Unicode char U+021A (decimal 538)
   defining Unicode char U+021B (decimal 539)
   defining Unicode char U+0232 (decimal 562)
   defining Unicode char U+0233 (decimal 563)
   defining Unicode char U+1E02 (decimal 7682)
   defining Unicode char U+1E03 (decimal 7683)
   defining Unicode char U+200C (decimal 8204)
   defining Unicode char U+2010 (decimal 8208)
   defining Unicode char U+2011 (decimal 8209)
   defining Unicode char U+2012 (decimal 8210)
   defining Unicode char U+2013 (decimal 8211)
   defining Unicode char U+2014 (decimal 8212)
   defining Unicode char U+2015 (decimal 8213)
   defining Unicode char U+2018 (decimal 8216)
   defining Unicode char U+2019 (decimal 8217)
   defining Unicode char U+201A (decimal 8218)
   defining Unicode char U+201C (decimal 8220)
   defining Unicode char U+201D (decimal 8221)
   defining Unicode char U+201E (decimal 8222)
   defining Unicode char U+2030 (decimal 8240)
   defining Unicode char U+2031 (decimal 8241)
   defining Unicode char U+2039 (decimal 8249)
   defining Unicode char U+203A (decimal 8250)
   defining Unicode char U+2423 (decimal 9251)
   defining Unicode char U+1E20 (decimal 7712)
   defining Unicode char U+1E21 (decimal 7713)
)
Now handling font encoding OT1 ...
... processing UTF-8 mapping file for font encoding OT1

(c:/texlive/2017/texmf-dist/tex/latex/base/ot1enc.dfu
File: ot1enc.dfu 2017/01/28 v1.1t UTF-8 support for inputenc
   defining Unicode char U+00A0 (decimal 160)
   defining Unicode char U+00A1 (decimal 161)
   defining Unicode char U+00A3 (decimal 163)
   defining Unicode char U+00AD (decimal 173)
   defining Unicode char U+00B8 (decimal 184)
   defining Unicode char U+00BF (decimal 191)
   defining Unicode char U+00C5 (decimal 197)
   defining Unicode char U+00C6 (decimal 198)
   defining Unicode char U+00D8 (decimal 216)
   defining Unicode char U+00DF (decimal 223)
   defining Unicode char U+00E6 (decimal 230)
   defining Unicode char U+00EC (decimal 236)
   defining Unicode char U+00ED (decimal 237)
   defining Unicode char U+00EE (decimal 238)
   defining Unicode char U+00EF (decimal 239)
   defining Unicode char U+00F8 (decimal 248)
   defining Unicode char U+0131 (decimal 305)
   defining Unicode char U+0141 (decimal 321)
   defining Unicode char U+0142 (decimal 322)
   defining Unicode char U+0152 (decimal 338)
   defining Unicode char U+0153 (decimal 339)
   defining Unicode char U+0174 (decimal 372)
   defining Unicode char U+0175 (decimal 373)
   defining Unicode char U+0176 (decimal 374)
   defining Unicode char U+0177 (decimal 375)
   defining Unicode char U+0218 (decimal 536)
   defining Unicode char U+0219 (decimal 537)
   defining Unicode char U+021A (decimal 538)
   defining Unicode char U+021B (decimal 539)
   defining Unicode char U+2013 (decimal 8211)
   defining Unicode char U+2014 (decimal 8212)
   defining Unicode char U+2018 (decimal 8216)
   defining Unicode char U+2019 (decimal 8217)
   defining Unicode char U+201C (decimal 8220)
   defining Unicode char U+201D (decimal 8221)
)
Now handling font encoding OMS ...
... processing UTF-8 mapping file for font encoding OMS

(c:/texlive/2017/texmf-dist/tex/latex/base/omsenc.dfu
File: omsenc.dfu 2017/01/28 v1.1t UTF-8 support for inputenc
   defining Unicode char U+00A7 (decimal 167)
   defining Unicode char U+00B6 (decimal 182)
   defining Unicode char U+00B7 (decimal 183)
   defining Unicode char U+2020 (decimal 8224)
   defining Unicode char U+2021 (decimal 8225)
   defining Unicode char U+2022 (decimal 8226)
)
Now handling font encoding OMX ...
... no UTF-8 mapping file for font encoding OMX
Now handling font encoding U ...
... no UTF-8 mapping file for font encoding U
   defining Unicode char U+00A9 (decimal 169)
   defining Unicode char U+00AA (decimal 170)
   defining Unicode char U+00AE (decimal 174)
   defining Unicode char U+00BA (decimal 186)
   defining Unicode char U+02C6 (decimal 710)
   defining Unicode char U+02DC (decimal 732)
   defining Unicode char U+200C (decimal 8204)
   defining Unicode char U+2026 (decimal 8230)
   defining Unicode char U+2122 (decimal 8482)
   defining Unicode char U+2423 (decimal 9251)
))
(c:/texlive/2017/texmf-dist/tex/plain/kotex-plain/kotexutf-core.tex
\unih@ngulpoint=\count88
\dhucs@emph@raise=\dimen103
)
Now handling font encoding LUC ...
... processing UTF-8 mapping file for font encoding LUC

(c:/texlive/2017/texmf-dist/tex/latex/kotex-utf/lucenc.dfu
File: lucenc.dfu 2007/09/05 UTF-8 support for dhucs
   defining Unicode char U+00B7 (decimal 183)
   defining Unicode char U+2018 (decimal 8216)
   defining Unicode char U+2019 (decimal 8217)
   defining Unicode char U+201C (decimal 8220)
   defining Unicode char U+201D (decimal 8221)
   defining Unicode char U+3001 (decimal 12289)
   defining Unicode char U+3002 (decimal 12290)
   defining Unicode char U+3008 (decimal 12296)
   defining Unicode char U+3009 (decimal 12297)
   defining Unicode char U+300A (decimal 12298)
   defining Unicode char U+300B (decimal 12299)
   defining Unicode char U+300C (decimal 12300)
   defining Unicode char U+300D (decimal 12301)
   defining Unicode char U+300E (decimal 12302)
   defining Unicode char U+300F (decimal 12303)
   defining Unicode char U+3010 (decimal 12304)
   defining Unicode char U+3011 (decimal 12305)
   defining Unicode char U+3014 (decimal 12308)
   defining Unicode char U+3015 (decimal 12309)
   defining Unicode char U+3016 (decimal 12310)
   defining Unicode char U+3017 (decimal 12311)
   defining Unicode char U+3018 (decimal 12312)
   defining Unicode char U+3019 (decimal 12313)
   defining Unicode char U+301A (decimal 12314)
   defining Unicode char U+301B (decimal 12315)
   defining Unicode char U+FF01 (decimal 65281)
   defining Unicode char U+FF08 (decimal 65288)
   defining Unicode char U+FF09 (decimal 65289)
   defining Unicode char U+FF0C (decimal 65292)
   defining Unicode char U+FF0E (decimal 65294)
   defining Unicode char U+FF1A (decimal 65306)
   defining Unicode char U+FF1B (decimal 65307)
   defining Unicode char U+FF1C (decimal 65308)
   defining Unicode char U+FF1D (decimal 65309)
   defining Unicode char U+FF1E (decimal 65310)
   defining Unicode char U+FF1F (decimal 65311)
   defining Unicode char U+FF3B (decimal 65339)
   defining Unicode char U+FF3D (decimal 65341)
   defining Unicode char U+FF5B (decimal 65371)
   defining Unicode char U+FF5D (decimal 65373)
   defining Unicode char U+FF61 (decimal 65377)
   defining Unicode char U+FF62 (decimal 65378)
   defining Unicode char U+FF63 (decimal 65379)
   defining Unicode char U+FF64 (decimal 65380)
   defining Unicode char U+FF65 (decimal 65381)
)
\@josa=\count89
\josatoks=\toks16

(c:/texlive/2017/texmf-dist/tex/latex/cjk-ko/kolabels-utf.sty
Package: kolabels-utf 2015/03/20 v1.5 UTF-8 Hangul item labels
)))
(c:/texlive/2017/texmf-dist/tex/latex/amsfonts/amsfonts.sty
Package: amsfonts 2013/01/14 v3.01 Basic AMSFonts support
\@emptytoks=\toks17
\symAMSa=\mathgroup4
\symAMSb=\mathgroup5
LaTeX Font Info:    Overwriting math alphabet `\mathfrak' in version `bold'
(Font)                  U/euf/m/n --> U/euf/b/n on input line 106.
)
(c:/texlive/2017/texmf-dist/tex/latex/caption/subcaption.sty
Package: subcaption 2016/05/22 v1.1-161 Sub-captions (AR)

(c:/texlive/2017/texmf-dist/tex/latex/caption/caption.sty
Package: caption 2016/02/21 v3.3-144 Customizing captions (AR)

(c:/texlive/2017/texmf-dist/tex/latex/caption/caption3.sty
Package: caption3 2016/05/22 v1.7-166 caption3 kernel (AR)
Package caption3 Info: TeX engine: e-TeX on input line 67.

(c:/texlive/2017/texmf-dist/tex/latex/graphics/keyval.sty
Package: keyval 2014/10/28 v1.15 key=value parser (DPC)
\KV@toks@=\toks18
)
\captionmargin=\dimen104
\captionmargin@=\dimen105
\captionwidth=\dimen106
\caption@tempdima=\dimen107
\caption@indent=\dimen108
\caption@parindent=\dimen109
\caption@hangindent=\dimen110
Package caption Info: Unknown document class (or package),
(caption)             standard defaults will be used.
)

Package caption Warning: Unsupported document class (or package) detected,
(caption)                usage of the caption package is not recommended.
See the caption package documentation for explanation.

Package caption Info: \@makecaption = \long macro:#1#2->\let \@tempa \relax \if
dim \prevdepth >-99\p@ \vskip \abovecaptionskip \relax \else \def \@tempa {\vbo
x to\topskip {}}\fi {#1: }\@tempa \vadjust {\penalty \onecaptflag }#2\par \ifnu
m \lastpenalty =\onecaptflag \unpenalty \setbox \@tempboxa \lastbox \nointerlin
eskip \hbox to\hsize {\hskip \parfillskip \unhbox \@tempboxa }\fi \vskip \below
captionskip .
\c@ContinuedFloat=\count90
)
\c@subfigure=\count91
\c@subtable=\count92
) (c:/texlive/2017/texmf-dist/tex/latex/amsfonts/amssymb.sty
Package: amssymb 2013/01/14 v3.01 AMS font symbols
)
(c:/texlive/2017/texmf-dist/tex/latex/hyperref/hyperref.sty
Package: hyperref 2017/03/14 v6.85a Hypertext links for LaTeX

(c:/texlive/2017/texmf-dist/tex/generic/oberdiek/hobsub-hyperref.sty
Package: hobsub-hyperref 2016/05/16 v1.14 Bundle oberdiek, subset hyperref (HO)


(c:/texlive/2017/texmf-dist/tex/generic/oberdiek/hobsub-generic.sty
Package: hobsub-generic 2016/05/16 v1.14 Bundle oberdiek, subset generic (HO)
Package: hobsub 2016/05/16 v1.14 Construct package bundles (HO)
Package: infwarerr 2016/05/16 v1.4 Providing info/warning/error messages (HO)
Package: ltxcmds 2016/05/16 v1.23 LaTeX kernel commands for general use (HO)
Package: ifluatex 2016/05/16 v1.4 Provides the ifluatex switch (HO)
Package ifluatex Info: LuaTeX not detected.
Package: ifvtex 2016/05/16 v1.6 Detect VTeX and its facilities (HO)
Package ifvtex Info: VTeX not detected.
Package: intcalc 2016/05/16 v1.2 Expandable calculations with integers (HO)
Package: ifpdf 2017/03/15 v3.2 Provides the ifpdf switch
Package: etexcmds 2016/05/16 v1.6 Avoid name clashes with e-TeX commands (HO)
Package etexcmds Info: Could not find \expanded.
(etexcmds)             That can mean that you are not using pdfTeX 1.50 or
(etexcmds)             that some package has redefined \expanded.
(etexcmds)             In the latter case, load this package earlier.
Package: kvsetkeys 2016/05/16 v1.17 Key value parser (HO)
Package: kvdefinekeys 2016/05/16 v1.4 Define keys (HO)
Package: pdftexcmds 2017/03/19 v0.25 Utility functions of pdfTeX for LuaTeX (HO
)
Package pdftexcmds Info: LuaTeX not detected.
Package pdftexcmds Info: \pdf@primitive is available.
Package pdftexcmds Info: \pdf@ifprimitive is available.
Package pdftexcmds Info: \pdfdraftmode found.
Package: pdfescape 2016/05/16 v1.14 Implements pdfTeX's escape features (HO)
Package: bigintcalc 2016/05/16 v1.4 Expandable calculations on big integers (HO
)
Package: bitset 2016/05/16 v1.2 Handle bit-vector datatype (HO)
Package: uniquecounter 2016/05/16 v1.3 Provide unlimited unique counter (HO)
)
Package hobsub Info: Skipping package `hobsub' (already loaded).
Package: letltxmacro 2016/05/16 v1.5 Let assignment for LaTeX macros (HO)
Package: hopatch 2016/05/16 v1.3 Wrapper for package hooks (HO)
Package: xcolor-patch 2016/05/16 xcolor patch
Package: atveryend 2016/05/16 v1.9 Hooks at the very end of document (HO)
Package atveryend Info: \enddocument detected (standard20110627).
Package: atbegshi 2016/06/09 v1.18 At begin shipout hook (HO)
Package: refcount 2016/05/16 v3.5 Data extraction from label references (HO)
Package: hycolor 2016/05/16 v1.8 Color options for hyperref/bookmark (HO)
)
(c:/texlive/2017/texmf-dist/tex/generic/ifxetex/ifxetex.sty
Package: ifxetex 2010/09/12 v0.6 Provides ifxetex conditional
)
(c:/texlive/2017/texmf-dist/tex/latex/oberdiek/auxhook.sty
Package: auxhook 2016/05/16 v1.4 Hooks for auxiliary files (HO)
)
(c:/texlive/2017/texmf-dist/tex/latex/oberdiek/kvoptions.sty
Package: kvoptions 2016/05/16 v3.12 Key value format for package options (HO)
)
\@linkdim=\dimen111
\Hy@linkcounter=\count93
\Hy@pagecounter=\count94

(c:/texlive/2017/texmf-dist/tex/latex/hyperref/pd1enc.def
File: pd1enc.def 2017/03/14 v6.85a Hyperref: PDFDocEncoding definition (HO)
Now handling font encoding PD1 ...
... no UTF-8 mapping file for font encoding PD1
)
\Hy@SavedSpaceFactor=\count95

(c:/texlive/2017/texmf-dist/tex/latex/latexconfig/hyperref.cfg
File: hyperref.cfg 2002/06/06 v1.2 hyperref configuration of TeXLive
)
Package hyperref Info: Hyper figures OFF on input line 4498.
Package hyperref Info: Link nesting OFF on input line 4503.
Package hyperref Info: Hyper index ON on input line 4506.
Package hyperref Info: Plain pages OFF on input line 4513.
Package hyperref Info: Backreferencing OFF on input line 4518.
Package hyperref Info: Implicit mode ON; LaTeX internals redefined.
Package hyperref Info: Bookmarks ON on input line 4751.
\c@Hy@tempcnt=\count96

(c:/texlive/2017/texmf-dist/tex/latex/url/url.sty
\Urlmuskip=\muskip10
Package: url 2013/09/16  ver 3.4  Verb mode for urls, etc.
)
LaTeX Info: Redefining \url on input line 5104.
\XeTeXLinkMargin=\dimen112
\Fld@menulength=\count97
\Field@Width=\dimen113
\Fld@charsize=\dimen114
Package hyperref Info: Hyper figures OFF on input line 6358.
Package hyperref Info: Link nesting OFF on input line 6363.
Package hyperref Info: Hyper index ON on input line 6366.
Package hyperref Info: backreferencing OFF on input line 6373.
Package hyperref Info: Link coloring OFF on input line 6378.
Package hyperref Info: Link coloring with OCG OFF on input line 6383.
Package hyperref Info: PDF/A mode OFF on input line 6388.
LaTeX Info: Redefining \ref on input line 6428.
LaTeX Info: Redefining \pageref on input line 6432.
\Hy@abspage=\count98
\c@Item=\count99
\c@Hfootnote=\count100
)

Package hyperref Message: Driver (autodetected): hpdftex.

(c:/texlive/2017/texmf-dist/tex/latex/hyperref/hpdftex.def
File: hpdftex.def 2017/03/14 v6.85a Hyperref driver for pdfTeX
\Fld@listcount=\count101
\c@bookmark@seq@number=\count102

(c:/texlive/2017/texmf-dist/tex/latex/oberdiek/rerunfilecheck.sty
Package: rerunfilecheck 2016/05/16 v1.8 Rerun checks for auxiliary files (HO)
Package uniquecounter Info: New unique counter `rerunfilecheck' on input line 2
82.
)
\Hy@SectionHShift=\skip46
)
(c:/texlive/2017/texmf-dist/tex/latex/amscls/amsthm.sty
Package: amsthm 2015/03/04 v2.20.2
\thm@style=\toks19
\thm@bodyfont=\toks20
\thm@headfont=\toks21
\thm@notefont=\toks22
\thm@headpunct=\toks23
\thm@preskip=\skip47
\thm@postskip=\skip48
\thm@headsep=\skip49
\dth@everypar=\toks24
)
(c:/texlive/2017/texmf-dist/tex/latex/base/latexsym.sty
Package: latexsym 1998/08/17 v2.2e Standard LaTeX package (lasy symbols)
\symlasy=\mathgroup6
LaTeX Font Info:    Overwriting symbol font `lasy' in version `bold'
(Font)                  U/lasy/m/n --> U/lasy/b/n on input line 52.
)
(c:/texlive/2017/texmf-dist/tex/latex/amsmath/amsmath.sty
Package: amsmath 2016/11/05 v2.16a AMS math features
\@mathmargin=\skip50

For additional information on amsmath, use the `?' option.
(c:/texlive/2017/texmf-dist/tex/latex/amsmath/amstext.sty
Package: amstext 2000/06/29 v2.01 AMS text

(c:/texlive/2017/texmf-dist/tex/latex/amsmath/amsgen.sty
File: amsgen.sty 1999/11/30 v2.0 generic functions
\@emptytoks=\toks25
\ex@=\dimen115
))
(c:/texlive/2017/texmf-dist/tex/latex/amsmath/amsbsy.sty
Package: amsbsy 1999/11/29 v1.2d Bold Symbols
\pmbraise@=\dimen116
)
(c:/texlive/2017/texmf-dist/tex/latex/amsmath/amsopn.sty
Package: amsopn 2016/03/08 v2.02 operator names
)
\inf@bad=\count103
LaTeX Info: Redefining \frac on input line 213.
\uproot@=\count104
\leftroot@=\count105
LaTeX Info: Redefining \overline on input line 375.
\classnum@=\count106
\DOTSCASE@=\count107
LaTeX Info: Redefining \ldots on input line 472.
LaTeX Info: Redefining \dots on input line 475.
LaTeX Info: Redefining \cdots on input line 596.
\Mathstrutbox@=\box26
\strutbox@=\box27
\big@size=\dimen117
LaTeX Font Info:    Redeclaring font encoding OML on input line 712.
LaTeX Font Info:    Redeclaring font encoding OMS on input line 713.
\macc@depth=\count108
\c@MaxMatrixCols=\count109
\dotsspace@=\muskip11
\c@parentequation=\count110
\dspbrk@lvl=\count111
\tag@help=\toks26
\row@=\count112
\column@=\count113
\maxfields@=\count114
\andhelp@=\toks27
\eqnshift@=\dimen118
\alignsep@=\dimen119
\tagshift@=\dimen120
\tagwidth@=\dimen121
\totwidth@=\dimen122
\lineht@=\dimen123
\@envbody=\toks28
\multlinegap=\skip51
\multlinetaggap=\skip52
\mathdisplay@stack=\toks29
LaTeX Info: Redefining \[ on input line 2817.
LaTeX Info: Redefining \] on input line 2818.
)
(c:/texlive/2017/texmf-dist/tex/latex/graphics/graphicx.sty
Package: graphicx 2017/06/01 v1.1a Enhanced LaTeX Graphics (DPC,SPQR)

(c:/texlive/2017/texmf-dist/tex/latex/graphics/graphics.sty
Package: graphics 2017/06/25 v1.2c Standard LaTeX Graphics (DPC,SPQR)

(c:/texlive/2017/texmf-dist/tex/latex/graphics/trig.sty
Package: trig 2016/01/03 v1.10 sin cos tan (DPC)
)
(c:/texlive/2017/texmf-dist/tex/latex/graphics-cfg/graphics.cfg
File: graphics.cfg 2016/06/04 v1.11 sample graphics configuration
)
Package graphics Info: Driver file: pdftex.def on input line 99.

(c:/texlive/2017/texmf-dist/tex/latex/graphics-def/pdftex.def
File: pdftex.def 2017/06/24 v1.0g Graphics/color driver for pdftex
))
\Gin@req@height=\dimen124
\Gin@req@width=\dimen125
)
(c:/texlive/2017/texmf-dist/tex/latex/pgfplots/pgfplots.sty
(c:/texlive/2017/texmf-dist/tex/generic/pgfplots/pgfplots.revision.tex)
Package: pgfplots 2017/06/05 v1.15 Data Visualization (1.15)

(c:/texlive/2017/texmf-dist/tex/latex/pgf/frontendlayer/tikz.sty
(c:/texlive/2017/texmf-dist/tex/latex/pgf/basiclayer/pgf.sty
(c:/texlive/2017/texmf-dist/tex/latex/pgf/utilities/pgfrcs.sty
(c:/texlive/2017/texmf-dist/tex/generic/pgf/utilities/pgfutil-common.tex
\pgfutil@everybye=\toks30
\pgfutil@tempdima=\dimen126
\pgfutil@tempdimb=\dimen127

(c:/texlive/2017/texmf-dist/tex/generic/pgf/utilities/pgfutil-common-lists.tex)
) (c:/texlive/2017/texmf-dist/tex/generic/pgf/utilities/pgfutil-latex.def
\pgfutil@abb=\box28

(c:/texlive/2017/texmf-dist/tex/latex/ms/everyshi.sty
Package: everyshi 2001/05/15 v3.00 EveryShipout Package (MS)
))
(c:/texlive/2017/texmf-dist/tex/generic/pgf/utilities/pgfrcs.code.tex
Package: pgfrcs 2015/08/07 v3.0.1a (rcs-revision 1.31)
))
Package: pgf 2015/08/07 v3.0.1a (rcs-revision 1.15)

(c:/texlive/2017/texmf-dist/tex/latex/pgf/basiclayer/pgfcore.sty
(c:/texlive/2017/texmf-dist/tex/latex/pgf/systemlayer/pgfsys.sty
(c:/texlive/2017/texmf-dist/tex/generic/pgf/systemlayer/pgfsys.code.tex
Package: pgfsys 2014/07/09 v3.0.1a (rcs-revision 1.48)

(c:/texlive/2017/texmf-dist/tex/generic/pgf/utilities/pgfkeys.code.tex
\pgfkeys@pathtoks=\toks31
\pgfkeys@temptoks=\toks32

(c:/texlive/2017/texmf-dist/tex/generic/pgf/utilities/pgfkeysfiltered.code.tex
\pgfkeys@tmptoks=\toks33
))
\pgf@x=\dimen128
\pgf@y=\dimen129
\pgf@xa=\dimen130
\pgf@ya=\dimen131
\pgf@xb=\dimen132
\pgf@yb=\dimen133
\pgf@xc=\dimen134
\pgf@yc=\dimen135
\w@pgf@writea=\write3
\r@pgf@reada=\read1
\c@pgf@counta=\count115
\c@pgf@countb=\count116
\c@pgf@countc=\count117
\c@pgf@countd=\count118
\t@pgf@toka=\toks34
\t@pgf@tokb=\toks35
\t@pgf@tokc=\toks36
 (c:/texlive/2017/texmf-dist/tex/generic/pgf/systemlayer/pgf.cfg
File: pgf.cfg 2008/05/14  (rcs-revision 1.7)
)
Driver file for pgf: pgfsys-pdftex.def

(c:/texlive/2017/texmf-dist/tex/generic/pgf/systemlayer/pgfsys-pdftex.def
File: pgfsys-pdftex.def 2014/10/11  (rcs-revision 1.35)

(c:/texlive/2017/texmf-dist/tex/generic/pgf/systemlayer/pgfsys-common-pdf.def
File: pgfsys-common-pdf.def 2013/10/10  (rcs-revision 1.13)
)))
(c:/texlive/2017/texmf-dist/tex/generic/pgf/systemlayer/pgfsyssoftpath.code.tex
File: pgfsyssoftpath.code.tex 2013/09/09  (rcs-revision 1.9)
\pgfsyssoftpath@smallbuffer@items=\count119
\pgfsyssoftpath@bigbuffer@items=\count120
)
(c:/texlive/2017/texmf-dist/tex/generic/pgf/systemlayer/pgfsysprotocol.code.tex
File: pgfsysprotocol.code.tex 2006/10/16  (rcs-revision 1.4)
)) (c:/texlive/2017/texmf-dist/tex/latex/xcolor/xcolor.sty
Package: xcolor 2016/05/11 v2.12 LaTeX color extensions (UK)

(c:/texlive/2017/texmf-dist/tex/latex/graphics-cfg/color.cfg
File: color.cfg 2016/01/02 v1.6 sample color configuration
)
Package xcolor Info: Driver file: pdftex.def on input line 225.
Package xcolor Info: Model `cmy' substituted by `cmy0' on input line 1348.
Package xcolor Info: Model `hsb' substituted by `rgb' on input line 1352.
Package xcolor Info: Model `RGB' extended on input line 1364.
Package xcolor Info: Model `HTML' substituted by `rgb' on input line 1366.
Package xcolor Info: Model `Hsb' substituted by `hsb' on input line 1367.
Package xcolor Info: Model `tHsb' substituted by `hsb' on input line 1368.
Package xcolor Info: Model `HSB' substituted by `hsb' on input line 1369.
Package xcolor Info: Model `Gray' substituted by `gray' on input line 1370.
Package xcolor Info: Model `wave' substituted by `hsb' on input line 1371.
)
(c:/texlive/2017/texmf-dist/tex/generic/pgf/basiclayer/pgfcore.code.tex
Package: pgfcore 2010/04/11 v3.0.1a (rcs-revision 1.7)

(c:/texlive/2017/texmf-dist/tex/generic/pgf/math/pgfmath.code.tex
(c:/texlive/2017/texmf-dist/tex/generic/pgf/math/pgfmathcalc.code.tex
(c:/texlive/2017/texmf-dist/tex/generic/pgf/math/pgfmathutil.code.tex)
(c:/texlive/2017/texmf-dist/tex/generic/pgf/math/pgfmathparser.code.tex
\pgfmath@dimen=\dimen136
\pgfmath@count=\count121
\pgfmath@box=\box29
\pgfmath@toks=\toks37
\pgfmath@stack@operand=\toks38
\pgfmath@stack@operation=\toks39
)
(c:/texlive/2017/texmf-dist/tex/generic/pgf/math/pgfmathfunctions.code.tex
(c:/texlive/2017/texmf-dist/tex/generic/pgf/math/pgfmathfunctions.basic.code.te
x)
(c:/texlive/2017/texmf-dist/tex/generic/pgf/math/pgfmathfunctions.trigonometric
.code.tex)
(c:/texlive/2017/texmf-dist/tex/generic/pgf/math/pgfmathfunctions.random.code.t
ex)
(c:/texlive/2017/texmf-dist/tex/generic/pgf/math/pgfmathfunctions.comparison.co
de.tex)
(c:/texlive/2017/texmf-dist/tex/generic/pgf/math/pgfmathfunctions.base.code.tex
)
(c:/texlive/2017/texmf-dist/tex/generic/pgf/math/pgfmathfunctions.round.code.te
x)
(c:/texlive/2017/texmf-dist/tex/generic/pgf/math/pgfmathfunctions.misc.code.tex
)
(c:/texlive/2017/texmf-dist/tex/generic/pgf/math/pgfmathfunctions.integerarithm
etics.code.tex)))
(c:/texlive/2017/texmf-dist/tex/generic/pgf/math/pgfmathfloat.code.tex
\c@pgfmathroundto@lastzeros=\count122
))
(c:/texlive/2017/texmf-dist/tex/generic/pgf/basiclayer/pgfcorepoints.code.tex
File: pgfcorepoints.code.tex 2013/10/07  (rcs-revision 1.27)
\pgf@picminx=\dimen137
\pgf@picmaxx=\dimen138
\pgf@picminy=\dimen139
\pgf@picmaxy=\dimen140
\pgf@pathminx=\dimen141
\pgf@pathmaxx=\dimen142
\pgf@pathminy=\dimen143
\pgf@pathmaxy=\dimen144
\pgf@xx=\dimen145
\pgf@xy=\dimen146
\pgf@yx=\dimen147
\pgf@yy=\dimen148
\pgf@zx=\dimen149
\pgf@zy=\dimen150
)
(c:/texlive/2017/texmf-dist/tex/generic/pgf/basiclayer/pgfcorepathconstruct.cod
e.tex
File: pgfcorepathconstruct.code.tex 2013/10/07  (rcs-revision 1.29)
\pgf@path@lastx=\dimen151
\pgf@path@lasty=\dimen152
)
(c:/texlive/2017/texmf-dist/tex/generic/pgf/basiclayer/pgfcorepathusage.code.te
x
File: pgfcorepathusage.code.tex 2014/11/02  (rcs-revision 1.24)
\pgf@shorten@end@additional=\dimen153
\pgf@shorten@start@additional=\dimen154
)
(c:/texlive/2017/texmf-dist/tex/generic/pgf/basiclayer/pgfcorescopes.code.tex
File: pgfcorescopes.code.tex 2015/05/08  (rcs-revision 1.46)
\pgfpic=\box30
\pgf@hbox=\box31
\pgf@layerbox@main=\box32
\pgf@picture@serial@count=\count123
)
(c:/texlive/2017/texmf-dist/tex/generic/pgf/basiclayer/pgfcoregraphicstate.code
.tex
File: pgfcoregraphicstate.code.tex 2014/11/02  (rcs-revision 1.12)
\pgflinewidth=\dimen155
)
(c:/texlive/2017/texmf-dist/tex/generic/pgf/basiclayer/pgfcoretransformations.c
ode.tex
File: pgfcoretransformations.code.tex 2015/08/07  (rcs-revision 1.20)
\pgf@pt@x=\dimen156
\pgf@pt@y=\dimen157
\pgf@pt@temp=\dimen158
)
(c:/texlive/2017/texmf-dist/tex/generic/pgf/basiclayer/pgfcorequick.code.tex
File: pgfcorequick.code.tex 2008/10/09  (rcs-revision 1.3)
)
(c:/texlive/2017/texmf-dist/tex/generic/pgf/basiclayer/pgfcoreobjects.code.tex
File: pgfcoreobjects.code.tex 2006/10/11  (rcs-revision 1.2)
)
(c:/texlive/2017/texmf-dist/tex/generic/pgf/basiclayer/pgfcorepathprocessing.co
de.tex
File: pgfcorepathprocessing.code.tex 2013/09/09  (rcs-revision 1.9)
)
(c:/texlive/2017/texmf-dist/tex/generic/pgf/basiclayer/pgfcorearrows.code.tex
File: pgfcorearrows.code.tex 2015/05/14  (rcs-revision 1.43)
\pgfarrowsep=\dimen159
)
(c:/texlive/2017/texmf-dist/tex/generic/pgf/basiclayer/pgfcoreshade.code.tex
File: pgfcoreshade.code.tex 2013/07/15  (rcs-revision 1.15)
\pgf@max=\dimen160
\pgf@sys@shading@range@num=\count124
)
(c:/texlive/2017/texmf-dist/tex/generic/pgf/basiclayer/pgfcoreimage.code.tex
File: pgfcoreimage.code.tex 2013/07/15  (rcs-revision 1.18)

(c:/texlive/2017/texmf-dist/tex/generic/pgf/basiclayer/pgfcoreexternal.code.tex
File: pgfcoreexternal.code.tex 2014/07/09  (rcs-revision 1.21)
\pgfexternal@startupbox=\box33
))
(c:/texlive/2017/texmf-dist/tex/generic/pgf/basiclayer/pgfcorelayers.code.tex
File: pgfcorelayers.code.tex 2013/07/18  (rcs-revision 1.7)
)
(c:/texlive/2017/texmf-dist/tex/generic/pgf/basiclayer/pgfcoretransparency.code
.tex
File: pgfcoretransparency.code.tex 2013/09/30  (rcs-revision 1.5)
)
(c:/texlive/2017/texmf-dist/tex/generic/pgf/basiclayer/pgfcorepatterns.code.tex
File: pgfcorepatterns.code.tex 2013/11/07  (rcs-revision 1.5)
)))
(c:/texlive/2017/texmf-dist/tex/generic/pgf/modules/pgfmoduleshapes.code.tex
File: pgfmoduleshapes.code.tex 2014/03/21  (rcs-revision 1.35)
\pgfnodeparttextbox=\box34
)
(c:/texlive/2017/texmf-dist/tex/generic/pgf/modules/pgfmoduleplot.code.tex
File: pgfmoduleplot.code.tex 2015/08/03  (rcs-revision 1.13)
)
(c:/texlive/2017/texmf-dist/tex/latex/pgf/compatibility/pgfcomp-version-0-65.st
y
Package: pgfcomp-version-0-65 2007/07/03 v3.0.1a (rcs-revision 1.7)
\pgf@nodesepstart=\dimen161
\pgf@nodesepend=\dimen162
)
(c:/texlive/2017/texmf-dist/tex/latex/pgf/compatibility/pgfcomp-version-1-18.st
y
Package: pgfcomp-version-1-18 2007/07/23 v3.0.1a (rcs-revision 1.1)
)) (c:/texlive/2017/texmf-dist/tex/latex/pgf/utilities/pgffor.sty
(c:/texlive/2017/texmf-dist/tex/latex/pgf/utilities/pgfkeys.sty
(c:/texlive/2017/texmf-dist/tex/generic/pgf/utilities/pgfkeys.code.tex))
(c:/texlive/2017/texmf-dist/tex/latex/pgf/math/pgfmath.sty
(c:/texlive/2017/texmf-dist/tex/generic/pgf/math/pgfmath.code.tex))
(c:/texlive/2017/texmf-dist/tex/generic/pgf/utilities/pgffor.code.tex
Package: pgffor 2013/12/13 v3.0.1a (rcs-revision 1.25)

(c:/texlive/2017/texmf-dist/tex/generic/pgf/math/pgfmath.code.tex)
\pgffor@iter=\dimen163
\pgffor@skip=\dimen164
\pgffor@stack=\toks40
\pgffor@toks=\toks41
))
(c:/texlive/2017/texmf-dist/tex/generic/pgf/frontendlayer/tikz/tikz.code.tex
Package: tikz 2015/08/07 v3.0.1a (rcs-revision 1.151)

(c:/texlive/2017/texmf-dist/tex/generic/pgf/libraries/pgflibraryplothandlers.co
de.tex
File: pgflibraryplothandlers.code.tex 2013/08/31 v3.0.1a (rcs-revision 1.20)
\pgf@plot@mark@count=\count125
\pgfplotmarksize=\dimen165
)
\tikz@lastx=\dimen166
\tikz@lasty=\dimen167
\tikz@lastxsaved=\dimen168
\tikz@lastysaved=\dimen169
\tikzleveldistance=\dimen170
\tikzsiblingdistance=\dimen171
\tikz@figbox=\box35
\tikz@figbox@bg=\box36
\tikz@tempbox=\box37
\tikz@tempbox@bg=\box38
\tikztreelevel=\count126
\tikznumberofchildren=\count127
\tikznumberofcurrentchild=\count128
\tikz@fig@count=\count129

(c:/texlive/2017/texmf-dist/tex/generic/pgf/modules/pgfmodulematrix.code.tex
File: pgfmodulematrix.code.tex 2013/09/17  (rcs-revision 1.8)
\pgfmatrixcurrentrow=\count130
\pgfmatrixcurrentcolumn=\count131
\pgf@matrix@numberofcolumns=\count132
)
\tikz@expandcount=\count133

(c:/texlive/2017/texmf-dist/tex/generic/pgf/frontendlayer/tikz/libraries/tikzli
brarytopaths.code.tex
File: tikzlibrarytopaths.code.tex 2008/06/17 v3.0.1a (rcs-revision 1.2)
)))
(c:/texlive/2017/texmf-dist/tex/generic/pgfplots/pgfplots.code.tex
(c:/texlive/2017/texmf-dist/tex/generic/pgfplots/pgfplotscore.code.tex
\t@pgfplots@toka=\toks42
\t@pgfplots@tokb=\toks43
\t@pgfplots@tokc=\toks44
\pgfplots@tmpa=\dimen172
\c@pgfplots@coordindex=\count134
\c@pgfplots@scanlineindex=\count135

(c:/texlive/2017/texmf-dist/tex/generic/pgfplots/sys/pgfplotssysgeneric.code.te
x))
(c:/texlive/2017/texmf-dist/tex/generic/pgfplots/libs/pgfplotslibrary.code.tex)

(c:/texlive/2017/texmf-dist/tex/generic/pgfplots/oldpgfcompatib/pgfplotsoldpgfs
upp_loader.code.tex
(c:/texlive/2017/texmf-dist/tex/generic/pgf/libraries/pgflibraryfpu.code.tex)
Package pgfplots: loading complementary arithmetics for your pgf version...

(c:/texlive/2017/texmf-dist/tex/generic/pgfplots/oldpgfcompatib/pgfplotsoldpgfs
upp_pgflibraryfpu.code.tex)
(c:/texlive/2017/texmf-dist/tex/generic/pgfplots/oldpgfcompatib/pgfplotsoldpgfs
upp_pgfmathfloat.code.tex
\c@pgfmathroundto@lastzeros=\count136
))
(c:/texlive/2017/texmf-dist/tex/generic/pgfplots/util/pgfplotsutil.code.tex
(c:/texlive/2017/texmf-dist/tex/generic/pgfplots/liststructure/pgfplotsliststru
cture.code.tex)
(c:/texlive/2017/texmf-dist/tex/generic/pgfplots/liststructure/pgfplotsliststru
ctureext.code.tex)
(c:/texlive/2017/texmf-dist/tex/generic/pgfplots/liststructure/pgfplotsarray.co
de.tex
\c@pgfplotsarray@tmp=\count137
)
(c:/texlive/2017/texmf-dist/tex/generic/pgfplots/liststructure/pgfplotsmatrix.c
ode.tex)
(c:/texlive/2017/texmf-dist/tex/generic/pgfplots/numtable/pgfplotstableshared.c
ode.tex
\c@pgfplotstable@counta=\count138
\t@pgfplotstable@a=\toks45
)
(c:/texlive/2017/texmf-dist/tex/generic/pgfplots/liststructure/pgfplotsdeque.co
de.tex)
(c:/texlive/2017/texmf-dist/tex/generic/pgfplots/util/pgfplotsbinary.code.tex
(c:/texlive/2017/texmf-dist/tex/generic/pgfplots/util/pgfplotsbinary.data.code.
tex))
(c:/texlive/2017/texmf-dist/tex/generic/pgfplots/util/pgfplotsutil.verb.code.te
x)
(c:/texlive/2017/texmf-dist/tex/generic/pgfplots/libs/pgflibrarypgfplots.surfsh
ading.code.tex
\c@pgfplotslibrarysurf@no=\count139

(c:/texlive/2017/texmf-dist/tex/generic/pgfplots/sys/pgflibrarypgfplots.surfsha
ding.pgfsys-pdftex.def)))
(c:/texlive/2017/texmf-dist/tex/generic/pgfplots/util/pgfplotscolormap.code.tex
(c:/texlive/2017/texmf-dist/tex/generic/pgfplots/util/pgfplotscolor.code.tex))
(c:/texlive/2017/texmf-dist/tex/generic/pgfplots/pgfplotsstackedplots.code.tex)
(c:/texlive/2017/texmf-dist/tex/generic/pgfplots/pgfplotsplothandlers.code.tex
(c:/texlive/2017/texmf-dist/tex/generic/pgfplots/pgfplotsmeshplothandler.code.t
ex
(c:/texlive/2017/texmf-dist/tex/generic/pgfplots/pgfplotsmeshplotimage.code.tex
))) (c:/texlive/2017/texmf-dist/tex/generic/pgfplots/pgfplots.scaling.code.tex)

(c:/texlive/2017/texmf-dist/tex/generic/pgfplots/pgfplotscoordprocessing.code.t
ex)
(c:/texlive/2017/texmf-dist/tex/generic/pgfplots/pgfplots.errorbars.code.tex)
(c:/texlive/2017/texmf-dist/tex/generic/pgfplots/pgfplots.markers.code.tex)
(c:/texlive/2017/texmf-dist/tex/generic/pgfplots/pgfplotsticks.code.tex)
(c:/texlive/2017/texmf-dist/tex/generic/pgfplots/pgfplots.paths.code.tex)
(c:/texlive/2017/texmf-dist/tex/generic/pgf/frontendlayer/tikz/libraries/tikzli
brarydecorations.code.tex
(c:/texlive/2017/texmf-dist/tex/generic/pgf/modules/pgfmoduledecorations.code.t
ex
\pgfdecoratedcompleteddistance=\dimen173
\pgfdecoratedremainingdistance=\dimen174
\pgfdecoratedinputsegmentcompleteddistance=\dimen175
\pgfdecoratedinputsegmentremainingdistance=\dimen176
\pgf@decorate@distancetomove=\dimen177
\pgf@decorate@repeatstate=\count140
\pgfdecorationsegmentamplitude=\dimen178
\pgfdecorationsegmentlength=\dimen179
)
\tikz@lib@dec@box=\box39
)
(c:/texlive/2017/texmf-dist/tex/generic/pgf/frontendlayer/tikz/libraries/tikzli
brarydecorations.pathmorphing.code.tex
(c:/texlive/2017/texmf-dist/tex/generic/pgf/libraries/decorations/pgflibrarydec
orations.pathmorphing.code.tex))
(c:/texlive/2017/texmf-dist/tex/generic/pgf/frontendlayer/tikz/libraries/tikzli
brarydecorations.pathreplacing.code.tex
(c:/texlive/2017/texmf-dist/tex/generic/pgf/libraries/decorations/pgflibrarydec
orations.pathreplacing.code.tex))
\pgfplots@numplots=\count141
\pgfplots@xmin@reg=\dimen180
\pgfplots@xmax@reg=\dimen181
\pgfplots@ymin@reg=\dimen182
\pgfplots@ymax@reg=\dimen183
\pgfplots@zmin@reg=\dimen184
\pgfplots@zmax@reg=\dimen185
)
(c:/texlive/2017/texmf-dist/tex/generic/pgf/frontendlayer/tikz/libraries/tikzli
braryplotmarks.code.tex
File: tikzlibraryplotmarks.code.tex 2008/01/09 v3.0.1a (rcs-revision 1.1)

(c:/texlive/2017/texmf-dist/tex/generic/pgf/libraries/pgflibraryplotmarks.code.
tex
File: pgflibraryplotmarks.code.tex 2015/08/03 v3.0.1a (rcs-revision 1.14)
))) (c:/texlive/2017/texmf-dist/tex/latex/tools/afterpage.sty
Package: afterpage 2014/10/28 v1.08 After-Page Package (DPC)
\AP@output=\toks46
\AP@partial=\box40
\AP@footins=\box41
)
(c:/texlive/2017/texmf-dist/tex/latex/algorithm2e/algorithm2e.sty
Package: algorithm2e 2017/07/18 v5.2 algorithms environments
\c@AlgoLine=\count142

(c:/texlive/2017/texmf-dist/tex/latex/base/ifthen.sty
Package: ifthen 2014/09/29 v1.1c Standard LaTeX ifthen package (DPC)
)
\algocf@hangindent=\skip53

(c:/texlive/2017/texmf-dist/tex/latex/ifoddpage/ifoddpage.sty
Package: ifoddpage 2016/04/23 v1.1 Conditionals for odd/even page detection
\c@checkoddpage=\count143
)
(c:/texlive/2017/texmf-dist/tex/latex/tools/xspace.sty
Package: xspace 2014/10/28 v1.13 Space after command names (DPC,MH)
)
(c:/texlive/2017/texmf-dist/tex/latex/relsize/relsize.sty
Package: relsize 2013/03/29 ver 4.1
)
\skiptotal=\skip54
\skiplinenumber=\skip55
\skiprule=\skip56
\skiphlne=\skip57
\skiptext=\skip58
\skiplength=\skip59
\algomargin=\skip60
\skipalgocfslide=\skip61
\algowidth=\dimen186
\inoutsize=\dimen187
\inoutindent=\dimen188
\interspacetitleruled=\dimen189
\interspacealgoruled=\dimen190
\interspacetitleboxruled=\dimen191
\algocf@ruledwidth=\skip62
\algocf@inoutbox=\box42
\algocf@inputbox=\box43
\AlCapSkip=\skip63
\AlCapHSkip=\skip64
\algoskipindent=\skip65
\algocf@nlbox=\box44
\algocf@hangingbox=\box45
\algocf@untilbox=\box46
\algocf@skipuntil=\skip66
\algocf@capbox=\box47
\algocf@lcaptionbox=\skip67
\algoheightruledefault=\skip68
\algoheightrule=\skip69
\algotitleheightruledefault=\skip70
\algotitleheightrule=\skip71
\c@algocfline=\count144
\c@algocfproc=\count145
\c@algocf=\count146
\algocf@algoframe=\box48
\algocf@algobox=\box49
)
(c:/texlive/2017/texmf-dist/tex/latex/tools/bm.sty
Package: bm 2017/01/16 v1.2c Bold Symbol Support (DPC/FMi)
\symboldoperators=\mathgroup7
\symboldletters=\mathgroup8
\symboldsymbols=\mathgroup9
\symboldlasy=\mathgroup10
LaTeX Font Info:    Redeclaring math alphabet \mathbf on input line 141.
LaTeX Info: Redefining \bm on input line 207.
)
(c:/texlive/2017/texmf-dist/tex/latex/tikz-bayesnet/tikzlibrarybayesnet.code.te
x
(c:/texlive/2017/texmf-dist/tex/generic/pgf/frontendlayer/tikz/libraries/tikzli
braryshapes.code.tex
File: tikzlibraryshapes.code.tex 2008/01/09 v3.0.1a (rcs-revision 1.1)

(c:/texlive/2017/texmf-dist/tex/generic/pgf/frontendlayer/tikz/libraries/tikzli
braryshapes.geometric.code.tex
File: tikzlibraryshapes.geometric.code.tex 2008/01/09 v3.0.1a (rcs-revision 1.1
)

(c:/texlive/2017/texmf-dist/tex/generic/pgf/libraries/shapes/pgflibraryshapes.g
eometric.code.tex
File: pgflibraryshapes.geometric.code.tex 2008/06/26 v3.0.1a (rcs-revision 1.1)

))
(c:/texlive/2017/texmf-dist/tex/generic/pgf/frontendlayer/tikz/libraries/tikzli
braryshapes.misc.code.tex
File: tikzlibraryshapes.misc.code.tex 2008/01/09 v3.0.1a (rcs-revision 1.1)

(c:/texlive/2017/texmf-dist/tex/generic/pgf/libraries/shapes/pgflibraryshapes.m
isc.code.tex
File: pgflibraryshapes.misc.code.tex 2013/07/18 v3.0.1a (rcs-revision 1.5)
))
(c:/texlive/2017/texmf-dist/tex/generic/pgf/frontendlayer/tikz/libraries/tikzli
braryshapes.symbols.code.tex
File: tikzlibraryshapes.symbols.code.tex 2008/01/09 v3.0.1a (rcs-revision 1.1)

(c:/texlive/2017/texmf-dist/tex/generic/pgf/libraries/shapes/pgflibraryshapes.s
ymbols.code.tex
File: pgflibraryshapes.symbols.code.tex 2013/09/11 v3.0.1a (rcs-revision 1.6)
))
(c:/texlive/2017/texmf-dist/tex/generic/pgf/frontendlayer/tikz/libraries/tikzli
braryshapes.arrows.code.tex
File: tikzlibraryshapes.arrows.code.tex 2008/01/09 v3.0.1a (rcs-revision 1.1)

(c:/texlive/2017/texmf-dist/tex/generic/pgf/libraries/shapes/pgflibraryshapes.a
rrows.code.tex
File: pgflibraryshapes.arrows.code.tex 2008/06/26 v3.0.1a (rcs-revision 1.1)
))
(c:/texlive/2017/texmf-dist/tex/generic/pgf/frontendlayer/tikz/libraries/tikzli
braryshapes.callouts.code.tex
(c:/texlive/2017/texmf-dist/tex/generic/pgf/libraries/shapes/pgflibraryshapes.c
allouts.code.tex))
(c:/texlive/2017/texmf-dist/tex/generic/pgf/frontendlayer/tikz/libraries/tikzli
braryshapes.multipart.code.tex
File: tikzlibraryshapes.multipart.code.tex 2008/01/09 v3.0.1a (rcs-revision 1.1
)

(c:/texlive/2017/texmf-dist/tex/generic/pgf/libraries/shapes/pgflibraryshapes.m
ultipart.code.tex
File: pgflibraryshapes.multipart.code.tex 2010/01/07 v3.0.1a (rcs-revision 1.2)

\pgfnodepartlowerbox=\box50
\pgfnodeparttwobox=\box51
\pgfnodepartthreebox=\box52
\pgfnodepartfourbox=\box53
\pgfnodeparttwentybox=\box54
\pgfnodepartnineteenbox=\box55
\pgfnodeparteighteenbox=\box56
\pgfnodepartseventeenbox=\box57
\pgfnodepartsixteenbox=\box58
\pgfnodepartfifteenbox=\box59
\pgfnodepartfourteenbox=\box60
\pgfnodepartthirteenbox=\box61
\pgfnodeparttwelvebox=\box62
\pgfnodepartelevenbox=\box63
\pgfnodeparttenbox=\box64
\pgfnodepartninebox=\box65
\pgfnodeparteightbox=\box66
\pgfnodepartsevenbox=\box67
\pgfnodepartsixbox=\box68
\pgfnodepartfivebox=\box69
)))
(c:/texlive/2017/texmf-dist/tex/generic/pgf/frontendlayer/tikz/libraries/tikzli
braryfit.code.tex
File: tikzlibraryfit.code.tex 2013/07/12 v3.0.1a (rcs-revision 1.5)
)
(c:/texlive/2017/texmf-dist/tex/generic/pgf/frontendlayer/tikz/libraries/tikzli
brarychains.code.tex
File: tikzlibrarychains.code.tex 2013/07/15 v3.0.1a (rcs-revision 1.6)

(c:/texlive/2017/texmf-dist/tex/generic/pgf/frontendlayer/tikz/libraries/tikzli
brarypositioning.code.tex
File: tikzlibrarypositioning.code.tex 2008/10/06 v3.0.1a (rcs-revision 1.7)
))
(c:/texlive/2017/texmf-dist/tex/generic/pgf/frontendlayer/tikz/libraries/tikzli
braryarrows.code.tex
File: tikzlibraryarrows.code.tex 2008/01/09 v3.0.1a (rcs-revision 1.1)

(c:/texlive/2017/texmf-dist/tex/generic/pgf/libraries/pgflibraryarrows.code.tex
File: pgflibraryarrows.code.tex 2013/09/23 v3.0.1a (rcs-revision 1.16)
\arrowsize=\dimen192
))) (c:/texlive/2017/texmf-dist/tex/latex/boondox/boondox-cal.sty

LaTeX Warning: You have requested package `boondox-cal',
               but the package provides `BOONDOX-cal'.

Package: BOONDOX-cal 2017/02/25 v1.02 U/BOONDOX-cal
(c:/texlive/2017/texmf-dist/tex/latex/xkeyval/xkeyval.sty
Package: xkeyval 2014/12/03 v2.7a package option processing (HA)

(c:/texlive/2017/texmf-dist/tex/generic/xkeyval/xkeyval.tex
(c:/texlive/2017/texmf-dist/tex/generic/xkeyval/xkvutils.tex
\XKV@toks=\toks47
\XKV@tempa@toks=\toks48
)
\XKV@depth=\count147
File: xkeyval.tex 2014/12/03 v2.7a key=value parser (HA)
))
LaTeX Font Info:    Redeclaring math alphabet \mathcal on input line 10.
LaTeX Font Info:    Overwriting math alphabet `\mathcal' in version `bold'
(Font)                  U/BOONDOX-cal/m/n --> U/BOONDOX-cal/b/n on input line 1
1.
)
(c:/texlive/2017/texmf-dist/tex/latex/cite/cite.sty
LaTeX Info: Redefining \cite on input line 302.
LaTeX Info: Redefining \nocite on input line 332.
Package: cite 2015/02/27  v 5.5
)
(c:/texlive/2017/texmf-dist/tex/latex/natbib/natbib.sty
Package: natbib 2010/09/13 8.31b (PWD, AO)


Package natbib Warning: The `cite' package should not be used
(natbib)                with natbib. Use option `sort' instead.

\bibhang=\skip72
\bibsep=\skip73
LaTeX Info: Redefining \cite on input line 694.
LaTeX Info: Redefining \citenum on input line 708.
\c@NAT@ctr=\count148
)
\c@theorem=\count149
 (./shell-honours.aux)
\openout1 = `shell-honours.aux'.

LaTeX Font Info:    Checking defaults for OML/cmm/m/it on input line 156.
LaTeX Font Info:    ... okay on input line 156.
LaTeX Font Info:    Checking defaults for T1/cmr/m/n on input line 156.
LaTeX Font Info:    ... okay on input line 156.
LaTeX Font Info:    Checking defaults for OT1/cmr/m/n on input line 156.
LaTeX Font Info:    ... okay on input line 156.
LaTeX Font Info:    Checking defaults for OMS/cmsy/m/n on input line 156.
LaTeX Font Info:    ... okay on input line 156.
LaTeX Font Info:    Checking defaults for OMX/cmex/m/n on input line 156.
LaTeX Font Info:    ... okay on input line 156.
LaTeX Font Info:    Checking defaults for U/cmr/m/n on input line 156.
LaTeX Font Info:    ... okay on input line 156.
LaTeX Font Info:    Checking defaults for LUC/nanummj/m/n on input line 156.
LaTeX Font Info:    Try loading font information for LUC+nanummj on input line 
156.

(c:/texlive/2017/texmf-dist/tex/latex/nanumtype1/lucnanummj.fd
File: lucnanummj.fd 2013/02/12 v0.1 Nanum Myeongjo font definitions
)
LaTeX Font Info:    ... okay on input line 156.
LaTeX Font Info:    Checking defaults for PD1/pdf/m/n on input line 156.
LaTeX Font Info:    ... okay on input line 156.
Package caption Info: Begin \AtBeginDocument code.
Package caption Info: hyperref package is loaded.
Package caption Info: End \AtBeginDocument code.
\AtBeginShipoutBox=\box70
Package hyperref Info: Link coloring OFF on input line 156.

(c:/texlive/2017/texmf-dist/tex/latex/hyperref/nameref.sty
Package: nameref 2016/05/21 v2.44 Cross-referencing by name of section

(c:/texlive/2017/texmf-dist/tex/generic/oberdiek/gettitlestring.sty
Package: gettitlestring 2016/05/16 v1.5 Cleanup title references (HO)
)
\c@section@level=\count150
)
LaTeX Info: Redefining \ref on input line 156.
LaTeX Info: Redefining \pageref on input line 156.
LaTeX Info: Redefining \nameref on input line 156.

(./shell-honours.out) (./shell-honours.out)
\@outlinefile=\write4
\openout4 = `shell-honours.out'.


(c:/texlive/2017/texmf-dist/tex/context/base/mkii/supp-pdf.mkii
[Loading MPS to PDF converter (version 2006.09.02).]
\scratchcounter=\count151
\scratchdimen=\dimen193
\scratchbox=\box71
\nofMPsegments=\count152
\nofMParguments=\count153
\everyMPshowfont=\toks49
\MPscratchCnt=\count154
\MPscratchDim=\dimen194
\MPnumerator=\count155
\makeMPintoPDFobject=\count156
\everyMPtoPDFconversion=\toks50
) (c:/texlive/2017/texmf-dist/tex/latex/oberdiek/epstopdf-base.sty
Package: epstopdf-base 2016/05/15 v2.6 Base part for package epstopdf

(c:/texlive/2017/texmf-dist/tex/latex/oberdiek/grfext.sty
Package: grfext 2016/05/16 v1.2 Manage graphics extensions (HO)
)
Package epstopdf-base Info: Redefining graphics rule for `.eps' on input line 4
38.
Package grfext Info: Graphics extension search list:
(grfext)             [.pdf,.png,.jpg,.mps,.jpeg,.jbig2,.jb2,.PDF,.PNG,.JPG,.JPE
G,.JBIG2,.JB2,.eps]
(grfext)             \AppendGraphicsExtensions on input line 456.

(c:/texlive/2017/texmf-dist/tex/latex/latexconfig/epstopdf-sys.cfg
File: epstopdf-sys.cfg 2010/07/13 v1.3 Configuration of (r)epstopdf for TeX Liv
e
))
ABD: EveryShipout initializing macros

Package pgfplots Warning: running in backwards compatibility mode (unsuitable t
ick labels; missing features). Consider writing \pgfplotsset{compat=1.15} into 
your preamble.
 on input line 156.

<unsw-crest.jpg, id=271, 147.6717pt x 154.176pt>
File: unsw-crest.jpg Graphic file (type jpg)
<use unsw-crest.jpg>
Package pdftex.def Info: unsw-crest.jpg  used on input line 158. on input line 
158.
Package pdftex.def Info: Requested size: 142.26378pt x 148.54362pt on input lin
e 158.
[1

{c:/texlive/2017/texmf-var/fonts/map/pdftex/updmap/pdftex.map} <./unsw-crest.jp
g>] [0

]
LaTeX Font Info:    Try loading font information for OMS+cmr on input line 173.

 (c:/texlive/2017/texmf-dist/tex/latex/base/omscmr.fd
File: omscmr.fd 2014/09/29 v2.5h Standard LaTeX font definitions
)
LaTeX Font Info:    Font shape `OMS/cmr/m/n' in size <12> not available
(Font)              Font shape `OMS/cmsy/m/n' tried instead on input line 173.

Underfull \hbox (badness 10000) in paragraph at lines 184--186

 []

[1]pdfTeX warning (ext4): destination with the same identifier (name{page.i}) h
as been already used, duplicate ignored
<to be read again> 
                   \relax 
l.193 \prefacesection{Acknowledgements}
                                        [1

] [2]pdfTeX warning (ext4): destination with the same identifier (name{page.ii}
) has been already used, duplicate ignored
<to be read again> 
                   \relax 
l.215 \prefacesection{Abstract}
                                [2

]
LaTeX Font Info:    Try loading font information for U+msa on input line 218.

(c:/texlive/2017/texmf-dist/tex/latex/amsfonts/umsa.fd
File: umsa.fd 2013/01/14 v3.01 AMS symbols A
)
LaTeX Font Info:    Try loading font information for U+msb on input line 218.

(c:/texlive/2017/texmf-dist/tex/latex/amsfonts/umsb.fd
File: umsb.fd 2013/01/14 v3.01 AMS symbols B
)
LaTeX Font Info:    Try loading font information for U+lasy on input line 218.

(c:/texlive/2017/texmf-dist/tex/latex/base/ulasy.fd
File: ulasy.fd 1998/08/17 v2.2e LaTeX symbol font definitions
)
LaTeX Font Info:    Font shape `U/lasy/b/n' in size <8> not available
(Font)              Font shape `U/lasy/m/n' tried instead on input line 218.
LaTeX Font Info:    Font shape `U/lasy/b/n' in size <6> not available
(Font)              Font shape `U/lasy/m/n' tried instead on input line 218.
 [3]pdfTeX warning (ext4): destination with the same identifier (name{page.iii}
) has been already used, duplicate ignored
<to be read again> 
                   \relax 
l.222 \afterpreface
                    [3] (./shell-honours.toc [4

] [5])
\tf@toc=\write5
\openout5 = `shell-honours.toc'.

 [6] [0

]
Chapter 1.
pdfTeX warning (ext4): destination with the same identifier (name{page.1}) has 
been already used, duplicate ignored
<to be read again> 
                   \relax 
l.249 \chapter
              {Background on Neural Networks} [1]
Chapter 2.
[2

]
Missing character: There is no ; in font nullfont!
Missing character: There is no ; in font nullfont!
Missing character: There is no ; in font nullfont!

Overfull \hbox (0.97499pt too wide) in paragraph at lines 297--297
 [][][][]\OT1/cmr/m/n/12 Weighted 
 []


Overfull \hbox (6.52354pt too wide) in paragraph at lines 298--298
 [][][][]\OT1/cmr/m/n/12 Activation 
 []


LaTeX Warning: `!h' float specifier changed to `!ht'.

[3]

LaTeX Warning: `h' float specifier changed to `ht'.

[4] [5] [6]
Missing character: There is no ; in font nullfont!
Missing character: There is no ; in font nullfont!
Missing character: There is no ; in font nullfont!
 [7] [8] [9] [10] [11] [12] [13] [14]
Chapter 3.
LaTeX Font Info:    Try loading font information for U+BOONDOX-cal on input lin
e 655.
(c:/texlive/2017/texmf-dist/tex/latex/boondox/uboondox-cal.fd
File: uboondox-cal.fd 2011/04/26 Fontinst v1.933 font definitions for U/BOONDOX
-cal.
)
LaTeX Font Info:    Font shape `U/BOONDOX-cal/m/n' will be
(Font)              scaled to size 12.0pt on input line 655.
LaTeX Font Info:    Font shape `U/BOONDOX-cal/m/n' will be
(Font)              scaled to size 8.0pt on input line 655.
LaTeX Font Info:    Font shape `U/BOONDOX-cal/m/n' will be
(Font)              scaled to size 6.0pt on input line 655.
 [15

] [16]
[17] [18] [19] [20] [21]
Underfull \hbox (badness 10000) in paragraph at lines 795--814

 []

[22] [23] [24] [25] [26]
LaTeX Font Info:    Font shape `U/lasy/b/n' in size <7> not available
(Font)              Font shape `U/lasy/m/n' tried instead on input line 915.
LaTeX Font Info:    Font shape `U/lasy/b/n' in size <5> not available
(Font)              Font shape `U/lasy/m/n' tried instead on input line 915.
LaTeX Font Info:    Font shape `U/BOONDOX-cal/m/n' will be
(Font)              scaled to size 10.0pt on input line 915.
LaTeX Font Info:    Font shape `U/BOONDOX-cal/m/n' will be
(Font)              scaled to size 7.0pt on input line 915.
LaTeX Font Info:    Font shape `U/BOONDOX-cal/m/n' will be
(Font)              scaled to size 5.0pt on input line 915.
Missing character: There is no ; in font nullfont!
Missing character: There is no ; in font nullfont!
Missing character: There is no ; in font nullfont!
Missing character: There is no ; in font nullfont!
LaTeX Font Info:    Font shape `U/BOONDOX-cal/m/n' will be
(Font)              scaled to size 10.95pt on input line 921.
Missing character: There is no ; in font nullfont!
Missing character: There is no ; in font nullfont!
Missing character: There is no ; in font nullfont!
Missing character: There is no ; in font nullfont!
Missing character: There is no ; in font nullfont!
Missing character: There is no ; in font nullfont!
Missing character: There is no ; in font nullfont!
 [27] [28] [29]
Missing character: There is no ; in font nullfont!
Missing character: There is no ; in font nullfont!
Missing character: There is no ; in font nullfont!
Missing character: There is no ; in font nullfont!
Missing character: There is no ; in font nullfont!
Missing character: There is no ; in font nullfont!
Missing character: There is no ; in font nullfont!
Missing character: There is no ; in font nullfont!
Missing character: There is no ; in font nullfont!
Missing character: There is no ; in font nullfont!
Missing character: There is no ; in font nullfont!
Missing character: There is no ; in font nullfont!
Missing character: There is no ; in font nullfont!
Missing character: There is no ; in font nullfont!
Missing character: There is no ; in font nullfont!
Missing character: There is no ; in font nullfont!
Missing character: There is no ; in font nullfont!
Missing character: There is no ; in font nullfont!
Missing character: There is no ; in font nullfont!
Missing character: There is no ; in font nullfont!
Missing character: There is no ; in font nullfont!
Missing character: There is no ; in font nullfont!
Missing character: There is no ; in font nullfont!
Missing character: There is no ; in font nullfont!
Missing character: There is no ; in font nullfont!
Missing character: There is no ; in font nullfont!
Missing character: There is no ; in font nullfont!
Missing character: There is no ; in font nullfont!
Missing character: There is no ; in font nullfont!
Missing character: There is no ; in font nullfont!
Missing character: There is no ; in font nullfont!
Missing character: There is no ; in font nullfont!
Missing character: There is no ; in font nullfont!


LaTeX Warning: `h' float specifier changed to `ht'.

[30]
Missing character: There is no ; in font nullfont!
Missing character: There is no ; in font nullfont!
Missing character: There is no ; in font nullfont!
Missing character: There is no ; in font nullfont!
Missing character: There is no ; in font nullfont!
Missing character: There is no ; in font nullfont!
Missing character: There is no ; in font nullfont!
Missing character: There is no ; in font nullfont!
Missing character: There is no ; in font nullfont!
Missing character: There is no ; in font nullfont!
Missing character: There is no ; in font nullfont!
Missing character: There is no ; in font nullfont!
Missing character: There is no ; in font nullfont!
Missing character: There is no ; in font nullfont!
Missing character: There is no ; in font nullfont!
Missing character: There is no ; in font nullfont!
Missing character: There is no ; in font nullfont!
 [31]
Missing character: There is no ; in font nullfont!
Missing character: There is no ; in font nullfont!
Missing character: There is no ; in font nullfont!
Missing character: There is no ; in font nullfont!
Missing character: There is no ; in font nullfont!
Missing character: There is no ; in font nullfont!
Missing character: There is no ; in font nullfont!
Missing character: There is no ; in font nullfont!
Missing character: There is no ; in font nullfont!
Missing character: There is no ; in font nullfont!
Missing character: There is no ; in font nullfont!
Missing character: There is no ; in font nullfont!
Missing character: There is no ; in font nullfont!
Missing character: There is no ; in font nullfont!
Missing character: There is no ; in font nullfont!
Missing character: There is no ; in font nullfont!
Missing character: There is no ; in font nullfont!

Underfull \hbox (badness 10000) in paragraph at lines 1042--1065

 []


Underfull \hbox (badness 10000) in paragraph at lines 1042--1065

 []


LaTeX Warning: `h' float specifier changed to `ht'.

[32]
Overfull \hbox (2.21393pt too wide) in paragraph at lines 1069--1069
[] 
 []


Overfull \hbox (6.45847pt too wide) in paragraph at lines 1069--1071
\OT1/cmr/m/n/12 Recall that $\OML/cmm/m/it/12 p\OT1/cmr/m/n/12 (\OML/cmm/b/it/1
2 x\OT1/cmr/m/n/12 )$ is typ-i-cally un-avail-able, so we are un-able to eval-u
-ate $\OML/cmm/m/it/12 KL\OT1/cmr/m/n/12 (\OML/cmm/m/it/12 q[]\OT1/cmr/m/n/12 (
\OML/cmm/b/it/12 x\OT1/cmr/m/n/12 )\OMS/cmsy/m/n/12 k\OML/cmm/m/it/12 p\OT1/cmr
/m/n/12 (\OML/cmm/b/it/12 x\OT1/cmr/m/n/12 ))$
 []


Overfull \hbox (26.76491pt too wide) in paragraph at lines 1074--1076
\OT1/cmr/m/n/12 This ex-pres-sion at-tains a min-i-mum at $\OML/cmm/m/it/12 KL\
OT1/cmr/m/n/12 (\OML/cmm/m/it/12 q[]\OT1/cmr/m/n/12 (\OML/cmm/b/it/12 x\OT1/cmr
/m/n/12 )\OMS/cmsy/m/n/12 k\OML/cmm/m/it/12 p\OT1/cmr/m/n/12 (\OML/cmm/b/it/12 
x\OT1/cmr/m/n/12 ))$ when $\U/msb/m/n/12 E[]\OML/cmm/m/it/12 KL\OT1/cmr/m/n/12 
(\OML/cmm/m/it/12 q[]\OT1/cmr/m/n/12 (\OML/cmm/b/it/12 z\OMS/cmsy/m/n/12 j\OML/
cmm/b/it/12 x\OT1/cmr/m/n/12 )\OMS/cmsy/m/n/12 k\OML/cmm/m/it/12 p[]\OT1/cmr/m/
n/12 (\OML/cmm/b/it/12 z\OMS/cmsy/m/n/12 j\OML/cmm/b/it/12 x\OT1/cmr/m/n/12 ))$
,
 []

[33] [34]
Chapter 4.
[35

] [36] [37] [38] [39]
Overfull \hbox (8.63321pt too wide) in paragraph at lines 1206--1208
\OT1/cmr/m/n/12 Using the pos-te-rior gen-er-a-tor parametriza-tion $\U/BOONDOX
-cal/m/n/12 G[]\OT1/cmr/m/n/12 (\OML/cmm/m/it/12 ^^O\OT1/cmr/m/n/12 ; \OML/cmm/
m/it/12 x\OT1/cmr/m/n/12 )$, op-ti-miza-tion ob-jec-tives (4.1.4)
 []

[40] [41] [42] [43] [44] [45] [46] [47]
Overfull \hbox (3.3733pt too wide) in paragraph at lines 1392--1393
\OT1/cmr/m/n/12 which typ-i-cally use the class prob-a-bil-ity es-ti-ma-tion op
-ti-mi-sa-tion prob-lem[[]Goodfellow
 []

[48] [49]
Chapter 5.
[50

]
<sprinklertrue.png, id=872, 1087.06125pt x 213.04594pt>
File: sprinklertrue.png Graphic file (type png)
<use sprinklertrue.png>
Package pdftex.def Info: sprinklertrue.png  used on input line 1452. on input l
ine 1452.
Package pdftex.def Info: Requested size: 423.94588pt x 83.08757pt on input line
 1452.
Missing character: There is no ; in font nullfont!
Missing character: There is no ; in font nullfont!
Missing character: There is no ; in font nullfont!

Overfull \hbox (3.79568pt too wide) in paragraph at lines 1498--1499
[][] 
 []

Missing character: There is no ; in font nullfont!
Missing character: There is no ; in font nullfont!
Missing character: There is no ; in font nullfont!

Overfull \hbox (19.22093pt too wide) in paragraph at lines 1546--1546
 [][][][]\OT1/cmr/m/n/12 Sigmoid($\OML/cmm/m/it/12 D$\OT1/cmr/m/n/12 )/ 
 []


Overfull \hbox (1.36995pt too wide) in paragraph at lines 1547--1548
[][] 
 []

[51 <./sprinklertrue.png>] [52] [53] [54] [55]
<13288.png, id=922, 1180.41pt x 228.855pt>
File: 13288.png Graphic file (type png)
<use 13288.png>
Package pdftex.def Info: 13288.png  used on input line 1802. on input line 1802
.
Package pdftex.def Info: Requested size: 423.94588pt x 82.19217pt on input line
 1802.
<13963.png, id=923, 1178.15157pt x 231.86626pt>
File: 13963.png Graphic file (type png)
<use 13963.png>
Package pdftex.def Info: 13963.png  used on input line 1806. on input line 1806
.
Package pdftex.def Info: Requested size: 423.94588pt x 83.43286pt on input line
 1806.
File: sprinklertrue.png Graphic file (type png)
<use sprinklertrue.png>
Package pdftex.def Info: sprinklertrue.png  used on input line 1810. on input l
ine 1810.
Package pdftex.def Info: Requested size: 423.94588pt x 83.08757pt on input line
 1810.
 [56 <./13288.png> <./13963.png>]
<truklmins/PCKLvsPCADV.png, id=932, 413.29407pt x 323.70938pt>
File: truklmins/PCKLvsPCADV.png Graphic file (type png)
<use truklmins/PCKLvsPCADV.png>
Package pdftex.def Info: truklmins/PCKLvsPCADV.png  used on input line 1818. on
 input line 1818.
Package pdftex.def Info: Requested size: 207.7358pt x 162.7088pt on input line 
1818.
<truklmins/JCKLvsJCADV.png, id=933, 417.81094pt x 324.46219pt>
File: truklmins/JCKLvsJCADV.png Graphic file (type png)
<use truklmins/JCKLvsJCADV.png>
Package pdftex.def Info: truklmins/JCKLvsJCADV.png  used on input line 1822. on
 input line 1822.
Package pdftex.def Info: Requested size: 207.7358pt x 161.32468pt on input line
 1822.
<estimator_losses/PCKLvsPCADV.png, id=934, 427.5975pt x 321.45094pt>
File: estimator_losses/PCKLvsPCADV.png Graphic file (type png)
<use estimator_losses/PCKLvsPCADV.png>
Package pdftex.def Info: estimator_losses/PCKLvsPCADV.png  used on input line 1
829. on input line 1829.
Package pdftex.def Info: Requested size: 207.7358pt x 156.16838pt on input line
 1829.
<estimator_losses/JCKLvsJCADV.png, id=935, 424.58624pt x 319.1925pt>
File: estimator_losses/JCKLvsJCADV.png Graphic file (type png)
<use estimator_losses/JCKLvsJCADV.png>
Package pdftex.def Info: estimator_losses/JCKLvsJCADV.png  used on input line 1
833. on input line 1833.
Package pdftex.def Info: Requested size: 207.7358pt x 156.1719pt on input line 
1833.
<nelbos/PCKLvsPCADV.png, id=936, 420.06938pt x 319.1925pt>
File: nelbos/PCKLvsPCADV.png Graphic file (type png)
<use nelbos/PCKLvsPCADV.png>
Package pdftex.def Info: nelbos/PCKLvsPCADV.png  used on input line 1851. on in
put line 1851.
Package pdftex.def Info: Requested size: 207.7358pt x 157.84735pt on input line
 1851.
<nelbos/JCKLvsJCADV.png, id=937, 424.58624pt x 317.68687pt>
File: nelbos/JCKLvsJCADV.png Graphic file (type png)
<use nelbos/JCKLvsJCADV.png>
Package pdftex.def Info: nelbos/JCKLvsJCADV.png  used on input line 1855. on in
put line 1855.
Package pdftex.def Info: Requested size: 207.7358pt x 155.43524pt on input line
 1855.
[57 <./truklmins/PCKLvsPCADV.png> <./truklmins/JCKLvsJCADV.png> <./estimator_lo
sses/PCKLvsPCADV.png> <./estimator_losses/JCKLvsJCADV.png> <./nelbos/PCKLvsPCAD
V.png> <./nelbos/JCKLvsJCADV.png>] [58]
Chapter 6.
[59

] [60] [61]
<truklmins/PCKLvsPCKLEXP.png, id=977, 410.2828pt x 314.67563pt>
File: truklmins/PCKLvsPCKLEXP.png Graphic file (type png)
<use truklmins/PCKLvsPCKLEXP.png>
Package pdftex.def Info: truklmins/PCKLvsPCKLEXP.png  used on input line 1908. 
on input line 1908.
Package pdftex.def Info: Requested size: 207.7358pt x 159.32526pt on input line
 1908.
<truklmins/JCKLvsJCKLEXP.png, id=978, 409.53pt x 314.67563pt>
File: truklmins/JCKLvsJCKLEXP.png Graphic file (type png)
<use truklmins/JCKLvsJCKLEXP.png>
Package pdftex.def Info: truklmins/JCKLvsJCKLEXP.png  used on input line 1912. 
on input line 1912.
Package pdftex.def Info: Requested size: 207.7358pt x 159.62296pt on input line
 1912.
<estimator_losses/PCKLvsPCKLEXP.png, id=979, 423.83344pt x 316.18124pt>
File: estimator_losses/PCKLvsPCKLEXP.png Graphic file (type png)
<use estimator_losses/PCKLvsPCKLEXP.png>
Package pdftex.def Info: estimator_losses/PCKLvsPCKLEXP.png  used on input line
 1919. on input line 1919.
Package pdftex.def Info: Requested size: 207.7358pt x 154.96875pt on input line
 1919.
<estimator_losses/JCKLvsJCKLEXP.png, id=980, 420.06938pt x 313.17pt>
File: estimator_losses/JCKLvsJCKLEXP.png Graphic file (type png)
<use estimator_losses/JCKLvsJCKLEXP.png>
Package pdftex.def Info: estimator_losses/JCKLvsJCKLEXP.png  used on input line
 1923. on input line 1923.
Package pdftex.def Info: Requested size: 207.7358pt x 154.8691pt on input line 
1923.
<nelbos/PCKLvsPCKLEXP.png, id=981, 419.31656pt x 315.42844pt>
File: nelbos/PCKLvsPCKLEXP.png Graphic file (type png)
<use nelbos/PCKLvsPCKLEXP.png>
Package pdftex.def Info: nelbos/PCKLvsPCKLEXP.png  used on input line 1930. on 
input line 1930.
Package pdftex.def Info: Requested size: 207.7358pt x 156.26509pt on input line
 1930.
<nelbos/JCKLvsJCKLEXP.png, id=982, 416.30531pt x 314.67563pt>
File: nelbos/JCKLvsJCKLEXP.png Graphic file (type png)
<use nelbos/JCKLvsJCKLEXP.png>
Package pdftex.def Info: nelbos/JCKLvsJCKLEXP.png  used on input line 1934. on 
input line 1934.
Package pdftex.def Info: Requested size: 207.7358pt x 157.02531pt on input line
 1934.
 [62 <./truklmins/PCKLvsPCKLEXP.png> <./truklmins/JCKLvsJCKLEXP.png> <./estimat
or_losses/PCKLvsPCKLEXP.png> <./estimator_losses/JCKLvsJCKLEXP.png> <./nelbos/P
CKLvsPCKLEXP.png> <./nelbos/JCKLvsJCKLEXP.png>] [63]
Chapter 7.

Overfull \hbox (17.05513pt too wide) in paragraph at lines 1944--1946
\OT1/cmr/m/n/12 and class prob-a-bil-ity es-ti-ma-tion fol-lows the GAN di-ver-
gence $\OML/cmm/m/it/12 D[]\OT1/cmr/m/n/12 (\OML/cmm/m/it/12 p\OMS/cmsy/m/n/12 
k\OML/cmm/m/it/12 q\OT1/cmr/m/n/12 ) = 2\OML/cmm/m/it/12 D[]\OT1/cmr/m/n/12 (\O
ML/cmm/m/it/12 p\OMS/cmsy/m/n/12 k\OML/cmm/m/it/12 q\OT1/cmr/m/n/12 ) \OMS/cmsy
/m/n/12 ^^@
 []

[64

] [65] [66]
Overfull \hbox (1.10097pt too wide) detected at line 2002
[] [] \U/msb/m/n/12 E[] [] \OT1/cmr/m/n/12 + \U/msb/m/n/12 E[] []
 []

[67]
Chapter 8.
[68

] [69] [70]
<truklmins/PCADVvsPCADVexpvsPCADVgudlog.png, id=1034, 425.33907pt x 315.42844pt
>
File: truklmins/PCADVvsPCADVexpvsPCADVgudlog.png Graphic file (type png)
<use truklmins/PCADVvsPCADVexpvsPCADVgudlog.png>
Package pdftex.def Info: truklmins/PCADVvsPCADVexpvsPCADVgudlog.png  used on in
put line 2074. on input line 2074.
Package pdftex.def Info: Requested size: 207.7358pt x 154.05591pt on input line
 2074.
<truklmins/PCKLDvsPCKLexpvsPCKLgudlog.png, id=1035, 422.32782pt x 317.68687pt>
File: truklmins/PCKLDvsPCKLexpvsPCKLgudlog.png Graphic file (type png)
<use truklmins/PCKLDvsPCKLexpvsPCKLgudlog.png>
Package pdftex.def Info: truklmins/PCKLDvsPCKLexpvsPCKLgudlog.png  used on inpu
t line 2078. on input line 2078.
Package pdftex.def Info: Requested size: 207.7358pt x 156.26901pt on input line
 2078.
<estimator_losses/PCADVvsPCADVexpvsPCADVgudlog.png, id=1036, 420.82219pt x 313.
9228pt>
File: estimator_losses/PCADVvsPCADVexpvsPCADVgudlog.png Graphic file (type png)

<use estimator_losses/PCADVvsPCADVexpvsPCADVgudlog.png>
Package pdftex.def Info: estimator_losses/PCADVvsPCADVexpvsPCADVgudlog.png  use
d on input line 2085. on input line 2085.
Package pdftex.def Info: Requested size: 207.7358pt x 154.96834pt on input line
 2085.
<estimator_losses/PCKLDvsPCKLexpvsPCKLgudlog.png, id=1037, 423.83344pt x 316.93
407pt>
File: estimator_losses/PCKLDvsPCKLexpvsPCKLgudlog.png Graphic file (type png)
<use estimator_losses/PCKLDvsPCKLexpvsPCKLgudlog.png>
Package pdftex.def Info: estimator_losses/PCKLDvsPCKLexpvsPCKLgudlog.png  used 
on input line 2089. on input line 2089.
Package pdftex.def Info: Requested size: 207.7358pt x 155.33774pt on input line
 2089.
<nelbos/PCADVvsPCADVexpvsPCADVgudlog.png, id=1038, 424.58624pt x 314.67563pt>
File: nelbos/PCADVvsPCADVexpvsPCADVgudlog.png Graphic file (type png)
<use nelbos/PCADVvsPCADVexpvsPCADVgudlog.png>
Package pdftex.def Info: nelbos/PCADVvsPCADVexpvsPCADVgudlog.png  used on input
 line 2096. on input line 2096.
Package pdftex.def Info: Requested size: 207.7358pt x 153.96193pt on input line
 2096.
<nelbos/PCKLDvsPCKLexpvsPCKLgudlog.png, id=1039, 414.04688pt x 316.93407pt>
File: nelbos/PCKLDvsPCKLexpvsPCKLgudlog.png Graphic file (type png)
<use nelbos/PCKLDvsPCKLexpvsPCKLgudlog.png>
Package pdftex.def Info: nelbos/PCKLDvsPCKLexpvsPCKLgudlog.png  used on input l
ine 2100. on input line 2100.
Package pdftex.def Info: Requested size: 207.7358pt x 159.0131pt on input line 
2100.
<truklmins/JCADVvsJCADVexpvsJCADVgudlog.png, id=1040, 412.54124pt x 316.18124pt
>
File: truklmins/JCADVvsJCADVexpvsJCADVgudlog.png Graphic file (type png)
<use truklmins/JCADVvsJCADVexpvsJCADVgudlog.png>
Package pdftex.def Info: truklmins/JCADVvsJCADVexpvsJCADVgudlog.png  used on in
put line 2107. on input line 2107.
Package pdftex.def Info: Requested size: 207.7358pt x 159.21434pt on input line
 2107.
<truklmins/JCKLDvsJCKLexpvsJCKLgudlog.png, id=1041, 415.5525pt x 319.1925pt>
File: truklmins/JCKLDvsJCKLexpvsJCKLgudlog.png Graphic file (type png)
<use truklmins/JCKLDvsJCKLexpvsJCKLgudlog.png>
Package pdftex.def Info: truklmins/JCKLDvsJCKLexpvsJCKLgudlog.png  used on inpu
t line 2111. on input line 2111.
Package pdftex.def Info: Requested size: 207.7358pt x 159.56662pt on input line
 2111.
<estimator_losses/JCADVvsJCADVexpvsJCADVgudlog.png, id=1042, 427.5975pt x 313.9
228pt>
File: estimator_losses/JCADVvsJCADVexpvsJCADVgudlog.png Graphic file (type png)

<use estimator_losses/JCADVvsJCADVexpvsJCADVgudlog.png>
Package pdftex.def Info: estimator_losses/JCADVvsJCADVexpvsJCADVgudlog.png  use
d on input line 2118. on input line 2118.
Package pdftex.def Info: Requested size: 207.7358pt x 152.51103pt on input line
 2118.
<estimator_losses/JCKLDvsJCKLexpvsJCKLgudlog.png, id=1043, 420.82219pt x 315.42
844pt>
File: estimator_losses/JCKLDvsJCKLexpvsJCKLgudlog.png Graphic file (type png)
<use estimator_losses/JCKLDvsJCKLexpvsJCKLgudlog.png>
Package pdftex.def Info: estimator_losses/JCKLDvsJCKLexpvsJCKLgudlog.png  used 
on input line 2122. on input line 2122.
Package pdftex.def Info: Requested size: 207.7358pt x 155.7116pt on input line 
2122.
<nelbos/JCADVvsJCADVexpvsJCADVgudlog.png, id=1044, 418.56375pt x 313.17pt>
File: nelbos/JCADVvsJCADVexpvsJCADVgudlog.png Graphic file (type png)
<use nelbos/JCADVvsJCADVexpvsJCADVgudlog.png>
Package pdftex.def Info: nelbos/JCADVvsJCADVexpvsJCADVgudlog.png  used on input
 line 2130. on input line 2130.
Package pdftex.def Info: Requested size: 207.7358pt x 155.42819pt on input line
 2130.
<nelbos/JCKLDvsJCKLexpvsJCKLgudlog.png, id=1045, 423.83344pt x 316.93407pt>
File: nelbos/JCKLDvsJCKLexpvsJCKLgudlog.png Graphic file (type png)
<use nelbos/JCKLDvsJCKLexpvsJCKLgudlog.png>
Package pdftex.def Info: nelbos/JCKLDvsJCKLexpvsJCKLgudlog.png  used on input l
ine 2134. on input line 2134.
Package pdftex.def Info: Requested size: 207.7358pt x 155.33774pt on input line
 2134.
 [71 <./truklmins/PCADVvsPCADVexpvsPCADVgudlog.png> <./truklmins/PCKLDvsPCKLexp
vsPCKLgudlog.png> <./estimator_losses/PCADVvsPCADVexpvsPCADVgudlog.png> <./esti
mator_losses/PCKLDvsPCKLexpvsPCKLgudlog.png> <./nelbos/PCADVvsPCADVexpvsPCADVgu
dlog.png> <./nelbos/PCKLDvsPCKLexpvsPCKLgudlog.png>] [72 <./truklmins/JCADVvsJC
ADVexpvsJCADVgudlog.png> <./truklmins/JCKLDvsJCKLexpvsJCKLgudlog.png> <./estima
tor_losses/JCADVvsJCADVexpvsJCADVgudlog.png> <./estimator_losses/JCKLDvsJCKLexp
vsJCKLgudlog.png> <./nelbos/JCADVvsJCADVexpvsJCADVgudlog.png> <./nelbos/JCKLDvs
JCKLexpvsJCKLgudlog.png>]
Chapter 9.
[73

]
<ADVD.png, id=1077, 535.2497pt x 321.45094pt>
File: ADVD.png Graphic file (type png)
<use ADVD.png>
Package pdftex.def Info: ADVD.png  used on input line 2209. on input line 2209.

Package pdftex.def Info: Requested size: 207.7358pt x 124.75714pt on input line
 2209.
<KLD.png, id=1078, 536.0025pt x 325.215pt>
File: KLD.png Graphic file (type png)
<use KLD.png>
Package pdftex.def Info: KLD.png  used on input line 2213. on input line 2213.
Package pdftex.def Info: Requested size: 207.7358pt x 126.03935pt on input line
 2213.
<ADVR.png, id=1079, 535.2497pt x 321.45094pt>
File: ADVR.png Graphic file (type png)
<use ADVR.png>
Package pdftex.def Info: ADVR.png  used on input line 2217. on input line 2217.

Package pdftex.def Info: Requested size: 207.7358pt x 124.75714pt on input line
 2217.
<KLR.png, id=1080, 534.49687pt x 318.43968pt>
File: KLR.png Graphic file (type png)
<use KLR.png>
Package pdftex.def Info: KLR.png  used on input line 2221. on input line 2221.
Package pdftex.def Info: Requested size: 207.7358pt x 123.76338pt on input line
 2221.
<ADVT.png, id=1081, 535.2497pt x 322.20375pt>
File: ADVT.png Graphic file (type png)
<use ADVT.png>
Package pdftex.def Info: ADVT.png  used on input line 2225. on input line 2225.

Package pdftex.def Info: Requested size: 207.7358pt x 125.04932pt on input line
 2225.
<KLT.png, id=1082, 532.99126pt x 320.69812pt>
File: KLT.png Graphic file (type png)
<use KLT.png>
Package pdftex.def Info: KLT.png  used on input line 2229. on input line 2229.
Package pdftex.def Info: Requested size: 207.7358pt x 124.99345pt on input line
 2229.

Underfull \hbox (badness 1259) in paragraph at lines 2208--2232
[]$[]$ $[]$
 []


Underfull \hbox (badness 1259) in paragraph at lines 2208--2232
[]$ $[]$
 []


LaTeX Warning: `!h' float specifier changed to `!ht'.

[74]
Overfull \hbox (0.666pt too wide) in paragraph at lines 2248--2248
[] 
 []

[75 <./ADVD.png> <./KLD.png> <./ADVR.png> <./KLR.png> <./ADVT.png> <./KLT.png>]
[76] [77] [78]
<part2truklmins/PCADVvsPCADVexpvsPCADVgudlog.png, id=1115, 462.528pt x 346.896p
t>
File: part2truklmins/PCADVvsPCADVexpvsPCADVgudlog.png Graphic file (type png)
<use part2truklmins/PCADVvsPCADVexpvsPCADVgudlog.png>
Package pdftex.def Info: part2truklmins/PCADVvsPCADVexpvsPCADVgudlog.png  used 
on input line 2326. on input line 2326.
Package pdftex.def Info: Requested size: 207.7358pt x 155.80533pt on input line
 2326.
<part2truklmins/PCKLDvsPCKLexpvsPCKLgudlog.png, id=1116, 462.528pt x 346.896pt>

File: part2truklmins/PCKLDvsPCKLexpvsPCKLgudlog.png Graphic file (type png)
<use part2truklmins/PCKLDvsPCKLexpvsPCKLgudlog.png>
Package pdftex.def Info: part2truklmins/PCKLDvsPCKLexpvsPCKLgudlog.png  used on
 input line 2330. on input line 2330.
Package pdftex.def Info: Requested size: 207.7358pt x 155.80533pt on input line
 2330.
<part2estimatorlosses/PCADVvsPCADVexpvsPCADVgudlog.png, id=1117, 462.528pt x 34
6.896pt>
File: part2estimatorlosses/PCADVvsPCADVexpvsPCADVgudlog.png Graphic file (type 
png)
<use part2estimatorlosses/PCADVvsPCADVexpvsPCADVgudlog.png>
Package pdftex.def Info: part2estimatorlosses/PCADVvsPCADVexpvsPCADVgudlog.png 
 used on input line 2338. on input line 2338.
Package pdftex.def Info: Requested size: 207.7358pt x 155.80533pt on input line
 2338.
<part2estimatorlosses/PCKLDvsPCKLexpvsPCKLgudlog.png, id=1118, 462.528pt x 346.
896pt>
File: part2estimatorlosses/PCKLDvsPCKLexpvsPCKLgudlog.png Graphic file (type pn
g)
<use part2estimatorlosses/PCKLDvsPCKLexpvsPCKLgudlog.png>
Package pdftex.def Info: part2estimatorlosses/PCKLDvsPCKLexpvsPCKLgudlog.png  u
sed on input line 2342. on input line 2342.
Package pdftex.def Info: Requested size: 207.7358pt x 155.80533pt on input line
 2342.
<part2nelbos/PCADVvsPCADVexpvsPCADVgudlog.png, id=1119, 462.528pt x 346.896pt>
File: part2nelbos/PCADVvsPCADVexpvsPCADVgudlog.png Graphic file (type png)
<use part2nelbos/PCADVvsPCADVexpvsPCADVgudlog.png>
Package pdftex.def Info: part2nelbos/PCADVvsPCADVexpvsPCADVgudlog.png  used on 
input line 2349. on input line 2349.
Package pdftex.def Info: Requested size: 207.7358pt x 155.80533pt on input line
 2349.
<part2nelbos/PCKLDvsPCKLexpvsPCKLgudlog.png, id=1120, 462.528pt x 346.896pt>
File: part2nelbos/PCKLDvsPCKLexpvsPCKLgudlog.png Graphic file (type png)
<use part2nelbos/PCKLDvsPCKLexpvsPCKLgudlog.png>
Package pdftex.def Info: part2nelbos/PCKLDvsPCKLexpvsPCKLgudlog.png  used on in
put line 2353. on input line 2353.
Package pdftex.def Info: Requested size: 207.7358pt x 155.80533pt on input line
 2353.
<part2truklmins/JCADVvsJCADVexpvsJCADVgudlog.png, id=1121, 462.528pt x 346.896p
t>
File: part2truklmins/JCADVvsJCADVexpvsJCADVgudlog.png Graphic file (type png)
<use part2truklmins/JCADVvsJCADVexpvsJCADVgudlog.png>
Package pdftex.def Info: part2truklmins/JCADVvsJCADVexpvsJCADVgudlog.png  used 
on input line 2360. on input line 2360.
Package pdftex.def Info: Requested size: 207.7358pt x 155.80533pt on input line
 2360.
<part2truklmins/JCKLDvsJCKLexpvsJCKLgudlog.png, id=1122, 462.528pt x 346.896pt>

File: part2truklmins/JCKLDvsJCKLexpvsJCKLgudlog.png Graphic file (type png)
<use part2truklmins/JCKLDvsJCKLexpvsJCKLgudlog.png>
Package pdftex.def Info: part2truklmins/JCKLDvsJCKLexpvsJCKLgudlog.png  used on
 input line 2364. on input line 2364.
Package pdftex.def Info: Requested size: 207.7358pt x 155.80533pt on input line
 2364.
<part2estimatorlosses/JCADVvsJCADVexpvsJCADVgudlog.png, id=1123, 462.528pt x 34
6.896pt>
File: part2estimatorlosses/JCADVvsJCADVexpvsJCADVgudlog.png Graphic file (type 
png)
<use part2estimatorlosses/JCADVvsJCADVexpvsJCADVgudlog.png>
Package pdftex.def Info: part2estimatorlosses/JCADVvsJCADVexpvsJCADVgudlog.png 
 used on input line 2371. on input line 2371.
Package pdftex.def Info: Requested size: 207.7358pt x 155.80533pt on input line
 2371.
<part2estimatorlosses/JCKLDvsJCKLexpvsJCKLgudlog.png, id=1124, 462.528pt x 346.
896pt>
File: part2estimatorlosses/JCKLDvsJCKLexpvsJCKLgudlog.png Graphic file (type pn
g)
<use part2estimatorlosses/JCKLDvsJCKLexpvsJCKLgudlog.png>
Package pdftex.def Info: part2estimatorlosses/JCKLDvsJCKLexpvsJCKLgudlog.png  u
sed on input line 2375. on input line 2375.
Package pdftex.def Info: Requested size: 207.7358pt x 155.80533pt on input line
 2375.
<part2nelbos/JCADVvsJCADVexpvsJCADVgudlog.png, id=1125, 462.528pt x 346.896pt>
File: part2nelbos/JCADVvsJCADVexpvsJCADVgudlog.png Graphic file (type png)
<use part2nelbos/JCADVvsJCADVexpvsJCADVgudlog.png>
Package pdftex.def Info: part2nelbos/JCADVvsJCADVexpvsJCADVgudlog.png  used on 
input line 2382. on input line 2382.
Package pdftex.def Info: Requested size: 207.7358pt x 155.80533pt on input line
 2382.
<part2nelbos/JCKLDvsJCKLexpvsJCKLgudlog.png, id=1126, 462.528pt x 346.896pt>
File: part2nelbos/JCKLDvsJCKLexpvsJCKLgudlog.png Graphic file (type png)
<use part2nelbos/JCKLDvsJCKLexpvsJCKLgudlog.png>
Package pdftex.def Info: part2nelbos/JCKLDvsJCKLexpvsJCKLgudlog.png  used on in
put line 2386. on input line 2386.
Package pdftex.def Info: Requested size: 207.7358pt x 155.80533pt on input line
 2386.
 [79 <./part2truklmins/PCADVvsPCADVexpvsPCADVgudlog.png> <./part2truklmins/PCKL
DvsPCKLexpvsPCKLgudlog.png> <./part2estimatorlosses/PCADVvsPCADVexpvsPCADVgudlo
g.png> <./part2estimatorlosses/PCKLDvsPCKLexpvsPCKLgudlog.png> <./part2nelbos/P
CADVvsPCADVexpvsPCADVgudlog.png> <./part2nelbos/PCKLDvsPCKLexpvsPCKLgudlog.png>
] [80 <./part2truklmins/JCADVvsJCADVexpvsJCADVgudlog.png> <./part2truklmins/JCK
LDvsJCKLexpvsJCKLgudlog.png> <./part2estimatorlosses/JCADVvsJCADVexpvsJCADVgudl
og.png> <./part2estimatorlosses/JCKLDvsJCKLexpvsJCKLgudlog.png> <./part2nelbos/
JCADVvsJCADVexpvsJCADVgudlog.png> <./part2nelbos/JCKLDvsJCKLexpvsJCKLgudlog.png
>]
Chapter 10.
[81

] [82] [83]
Chapter 11.
[84

]
Chapter 12.
[85

] (./shell-honours.bbl [86


] [87]) [88]
Appendix A.
[89

] [90]
Package atveryend Info: Empty hook `BeforeClearDocument' on input line 2450.
Package atveryend Info: Empty hook `AfterLastShipout' on input line 2450.
 (./shell-honours.aux)
Package atveryend Info: Executing hook `AtVeryEndDocument' on input line 2450.
Package atveryend Info: Executing hook `AtEndAfterFileList' on input line 2450.

Package rerunfilecheck Info: File `shell-honours.out' has not changed.
(rerunfilecheck)             Checksum: D85809528FBB44B1C9C43D0D6E46B295;4448.
Package atveryend Info: Empty hook `AtVeryVeryEnd' on input line 2450.
 ) 
Here is how much of TeX's memory you used:
 33282 strings out of 492990
 784659 string characters out of 6136334
 1047787 words of memory out of 5000000
 35883 multiletter control sequences out of 15000+600000
 25107 words of font info for 99 fonts, out of 8000000 for 9000
 1143 hyphenation exceptions out of 8191
 62i,22n,96p,1695b,2161s stack positions out of 5000i,500n,10000p,200000b,80000s
<c:/texlive/2017/texmf-dist/fonts/type1/public/amsfonts/cm/cmbsy10.pfb><c:/te
xlive/2017/texmf-dist/fonts/type1/public/amsfonts/cm/cmbx10.pfb><c:/texlive/201
7/texmf-dist/fonts/type1/public/amsfonts/cm/cmbx12.pfb><c:/texlive/2017/texmf-d
ist/fonts/type1/public/amsfonts/cm/cmbx8.pfb><c:/texlive/2017/texmf-dist/fonts/
type1/public/amsfonts/cm/cmcsc10.pfb><c:/texlive/2017/texmf-dist/fonts/type1/pu
blic/amsfonts/cm/cmex10.pfb><c:/texlive/2017/texmf-dist/fonts/type1/public/amsf
onts/cmextra/cmex8.pfb><c:/texlive/2017/texmf-dist/fonts/type1/public/amsfonts/
cm/cmmi10.pfb><c:/texlive/2017/texmf-dist/fonts/type1/public/amsfonts/cm/cmmi12
.pfb><c:/texlive/2017/texmf-dist/fonts/type1/public/amsfonts/cm/cmmi6.pfb><c:/t
exlive/2017/texmf-dist/fonts/type1/public/amsfonts/cm/cmmi7.pfb><c:/texlive/201
7/texmf-dist/fonts/type1/public/amsfonts/cm/cmmi8.pfb><c:/texlive/2017/texmf-di
st/fonts/type1/public/amsfonts/cm/cmmib10.pfb><c:/texlive/2017/texmf-dist/fonts
/type1/public/amsfonts/cmextra/cmmib6.pfb><c:/texlive/2017/texmf-dist/fonts/typ
e1/public/amsfonts/cmextra/cmmib8.pfb><c:/texlive/2017/texmf-dist/fonts/type1/p
ublic/amsfonts/cm/cmr10.pfb><c:/texlive/2017/texmf-dist/fonts/type1/public/amsf
onts/cm/cmr12.pfb><c:/texlive/2017/texmf-dist/fonts/type1/public/amsfonts/cm/cm
r17.pfb><c:/texlive/2017/texmf-dist/fonts/type1/public/amsfonts/cm/cmr6.pfb><c:
/texlive/2017/texmf-dist/fonts/type1/public/amsfonts/cm/cmr7.pfb><c:/texlive/20
17/texmf-dist/fonts/type1/public/amsfonts/cm/cmr8.pfb><c:/texlive/2017/texmf-di
st/fonts/type1/public/amsfonts/cm/cmsy10.pfb><c:/texlive/2017/texmf-dist/fonts/
type1/public/amsfonts/cm/cmsy6.pfb><c:/texlive/2017/texmf-dist/fonts/type1/publ
ic/amsfonts/cm/cmsy8.pfb><c:/texlive/2017/texmf-dist/fonts/type1/public/amsfont
s/cm/cmti12.pfb><c:/texlive/2017/texmf-dist/fonts/type1/public/amsfonts/latxfon
t/lasy10.pfb><c:/texlive/2017/texmf-dist/fonts/type1/public/amsfonts/symbols/ms
am10.pfb><c:/texlive/2017/texmf-dist/fonts/type1/public/amsfonts/symbols/msbm10
.pfb><c:/texlive/2017/texmf-dist/fonts/type1/public/nanumtype1/nanummjmb0.pfb><
c:/texlive/2017/texmf-dist/fonts/type1/public/nanumtype1/nanummjmb2.pfb><c:/tex
live/2017/texmf-dist/fonts/type1/public/boondox/zxxrw8a.pfb>
Output written on shell-honours.pdf (102 pages, 2543251 bytes).
PDF statistics:
 1369 PDF objects out of 1440 (max. 8388607)
 1125 compressed objects within 12 object streams
 329 named destinations out of 1000 (max. 500000)
 771 words of extra memory for PDF output out of 10000 (max. 10000000)

